<?xml version="1.0" encoding="UTF-8"?>
<testsuite name="JsonDatabaseTest" tests="1" skipped="0" failures="1" errors="0" timestamp="2022-05-15T21:49:35" hostname="PC-PC" time="1.703">
  <properties/>
  <testcase name="start" classname="JsonDatabaseTest" time="1.703">
    <failure message="java.lang.AssertionError: Wrong answer in test #3&#10;&#10;Looks like you don't process client connection in another thread.&#10;Every client request should be parsed and handled in a separate thread!&#10;&#10;Please find below the output of your program during this failed test.&#10;&#10;---&#10;&#10;Arguments for Main: -t get -k 1&#10;Arguments for Main: -t set -k 1 -v &quot;Hello world!&quot;&#10;Arguments for Main: -t set -k 1 -v HelloWorld!&#10;Arguments for Main: -t get -k 1&#10;Arguments for Main: -t delete -k 1&#10;Arguments for Main: -t delete -k 1&#10;Arguments for Main: -t get -k 1&#10;Arguments for Main: -t set -k text -v &quot;Some text here&quot;&#10;Arguments for Main: -t get -k text&#10;Arguments for Main: -t get -k 56&#10;Arguments for Main: -t delete -k 56&#10;Arguments for Main: -t delete -k 100&#10;Arguments for Main: -t delete -k &quot;That key doesn't exist&quot;&#10;Arguments for Main: -in testSet.json&#10;Arguments for Main: -in testGet.json&#10;Arguments for Main: -in testDelete.json&#10;Arguments for Main: -in testGet.json&#10;&#10;stdout:&#10;Server started!&#10;Client started!&#10;Sent: {&quot;type&quot;:&quot;get&quot;,&quot;key&quot;:&quot;1&quot;}&#10;Received: {&quot;response&quot;:&quot;ERROR&quot;,&quot;reason&quot;:&quot;No such key&quot;}&#10;Client started!&#10;Sent: {&quot;type&quot;:&quot;set&quot;,&quot;key&quot;:&quot;1&quot;,&quot;value&quot;:&quot;Hello world!&quot;}&#10;Received: {&quot;response&quot;:&quot;OK&quot;}&#10;Client started!&#10;Sent: {&quot;type&quot;:&quot;set&quot;,&quot;key&quot;:&quot;1&quot;,&quot;value&quot;:&quot;HelloWorld!&quot;}&#10;Received: {&quot;response&quot;:&quot;OK&quot;}&#10;Client started!&#10;Sent: {&quot;type&quot;:&quot;get&quot;,&quot;key&quot;:&quot;1&quot;}&#10;Received: {&quot;response&quot;:&quot;OK&quot;,&quot;value&quot;:&quot;HelloWorld!&quot;}&#10;Client started!&#10;Sent: {&quot;type&quot;:&quot;delete&quot;,&quot;key&quot;:&quot;1&quot;}&#10;Received: {&quot;response&quot;:&quot;OK&quot;}&#10;Client started!&#10;Sent: {&quot;type&quot;:&quot;delete&quot;,&quot;key&quot;:&quot;1&quot;}&#10;Received: {&quot;response&quot;:&quot;ERROR&quot;,&quot;reason&quot;:&quot;No such key&quot;}&#10;Client started!&#10;Sent: {&quot;type&quot;:&quot;get&quot;,&quot;key&quot;:&quot;1&quot;}&#10;Received: {&quot;response&quot;:&quot;ERROR&quot;,&quot;reason&quot;:&quot;No such key&quot;}&#10;Client started!&#10;Sent: {&quot;type&quot;:&quot;set&quot;,&quot;key&quot;:&quot;text&quot;,&quot;value&quot;:&quot;Some text here&quot;}&#10;Received: {&quot;response&quot;:&quot;OK&quot;}&#10;Client started!&#10;Sent: {&quot;type&quot;:&quot;get&quot;,&quot;key&quot;:&quot;text&quot;}&#10;Received: {&quot;response&quot;:&quot;OK&quot;,&quot;value&quot;:&quot;Some text here&quot;}&#10;Client started!&#10;Sent: {&quot;type&quot;:&quot;get&quot;,&quot;key&quot;:&quot;56&quot;}&#10;Received: {&quot;response&quot;:&quot;ERROR&quot;,&quot;reason&quot;:&quot;No such key&quot;}&#10;Client started!&#10;Sent: {&quot;type&quot;:&quot;delete&quot;,&quot;key&quot;:&quot;56&quot;}&#10;Received: {&quot;response&quot;:&quot;ERROR&quot;,&quot;reason&quot;:&quot;No such key&quot;}&#10;Client started!&#10;Sent: {&quot;type&quot;:&quot;delete&quot;,&quot;key&quot;:&quot;100&quot;}&#10;Received: {&quot;response&quot;:&quot;ERROR&quot;,&quot;reason&quot;:&quot;No such key&quot;}&#10;Client started!&#10;Sent: {&quot;type&quot;:&quot;delete&quot;,&quot;key&quot;:&quot;That key doesn\u0027t exist&quot;}&#10;Received: {&quot;response&quot;:&quot;ERROR&quot;,&quot;reason&quot;:&quot;No such key&quot;}&#10;Client started!&#10;F:\JSON Database\JSON Database\task\.\src\client\data\testSet.json&#10;true&#10;Sent: {&quot;type&quot;:&quot;set&quot;,&quot;key&quot;:&quot;name&quot;,&quot;value&quot;:&quot;Kate&quot;}&#10;Received: {&quot;response&quot;:&quot;OK&quot;}&#10;Client started!&#10;F:\JSON Database\JSON Database\task\.\src\client\data\testGet.json&#10;true&#10;Sent: {&quot;type&quot;:&quot;get&quot;,&quot;key&quot;:&quot;name&quot;}&#10;Received: {&quot;response&quot;:&quot;OK&quot;,&quot;value&quot;:&quot;Kate&quot;}&#10;Client started!&#10;F:\JSON Database\JSON Database\task\.\src\client\data\testDelete.json&#10;true&#10;Sent: {&quot;type&quot;:&quot;delete&quot;,&quot;key&quot;:&quot;name&quot;}&#10;Received: {&quot;response&quot;:&quot;OK&quot;}&#10;Client started!&#10;F:\JSON Database\JSON Database\task\.\src\client\data\testGet.json&#10;true&#10;Sent: {&quot;type&quot;:&quot;get&quot;,&quot;key&quot;:&quot;name&quot;}&#10;Received: {&quot;response&quot;:&quot;ERROR&quot;,&quot;reason&quot;:&quot;No such key&quot;}&#10;&#10;stderr:&#10;[last 250 lines of output are shown, 110 skipped]&#10;&#9;at java.base/java.io.File.createNewFile(File.java:1043)&#10;&#9;at server.Server.updateDB(Server.java:136)&#10;&#9;at server.Server.deleteData(Server.java:110)&#10;&#9;at server.Main.main(Main.java:34)&#10;&#9;at java.base/jdk.internal.reflect.NativeMethodAccessorImpl.invoke0(Native Method)&#10;&#9;at java.base/jdk.internal.reflect.NativeMethodAccessorImpl.invoke(NativeMethodAccessorImpl.java:77)&#10;&#9;at java.base/jdk.internal.reflect.DelegatingMethodAccessorImpl.invoke(DelegatingMethodAccessorImpl.java:43)&#10;&#9;at java.base/java.lang.reflect.Method.invoke(Method.java:568)&#10;&#9;at org.hyperskill.hstest.testing.execution.MainMethodExecutor.invokeMain(MainMethodExecutor.java:172)&#10;&#9;at org.hyperskill.hstest.testing.execution.MainMethodExecutor.lambda$launch$0(MainMethodExecutor.java:199)&#10;&#9;at java.base/java.util.concurrent.Executors$RunnableAdapter.call(Executors.java:539)&#10;&#9;at java.base/java.util.concurrent.FutureTask.run(FutureTask.java:264)&#10;&#9;at java.base/java.util.concurrent.ThreadPoolExecutor.runWorker(ThreadPoolExecutor.java:1136)&#10;&#9;at java.base/java.util.concurrent.ThreadPoolExecutor$Worker.run(ThreadPoolExecutor.java:635)&#10;&#9;at java.base/java.lang.Thread.run(Thread.java:833)&#10;java.io.FileNotFoundException: .\JSON Database\task\src\server\data\db.json (The system cannot find the path specified)&#10;&#9;at java.base/java.io.FileOutputStream.open0(Native Method)&#10;&#9;at java.base/java.io.FileOutputStream.open(FileOutputStream.java:293)&#10;&#9;at java.base/java.io.FileOutputStream.&lt;init&gt;(FileOutputStream.java:235)&#10;&#9;at java.base/java.io.FileOutputStream.&lt;init&gt;(FileOutputStream.java:184)&#10;&#9;at server.Server.updateDB(Server.java:142)&#10;&#9;at server.Server.deleteData(Server.java:110)&#10;&#9;at server.Main.main(Main.java:34)&#10;&#9;at java.base/jdk.internal.reflect.NativeMethodAccessorImpl.invoke0(Native Method)&#10;&#9;at java.base/jdk.internal.reflect.NativeMethodAccessorImpl.invoke(NativeMethodAccessorImpl.java:77)&#10;&#9;at java.base/jdk.internal.reflect.DelegatingMethodAccessorImpl.invoke(DelegatingMethodAccessorImpl.java:43)&#10;&#9;at java.base/java.lang.reflect.Method.invoke(Method.java:568)&#10;&#9;at org.hyperskill.hstest.testing.execution.MainMethodExecutor.invokeMain(MainMethodExecutor.java:172)&#10;&#9;at org.hyperskill.hstest.testing.execution.MainMethodExecutor.lambda$launch$0(MainMethodExecutor.java:199)&#10;&#9;at java.base/java.util.concurrent.Executors$RunnableAdapter.call(Executors.java:539)&#10;&#9;at java.base/java.util.concurrent.FutureTask.run(FutureTask.java:264)&#10;&#9;at java.base/java.util.concurrent.ThreadPoolExecutor.runWorker(ThreadPoolExecutor.java:1136)&#10;&#9;at java.base/java.util.concurrent.ThreadPoolExecutor$Worker.run(ThreadPoolExecutor.java:635)&#10;&#9;at java.base/java.lang.Thread.run(Thread.java:833)&#10;java.io.IOException: The system cannot find the path specified&#10;&#9;at java.base/java.io.WinNTFileSystem.createFileExclusively(Native Method)&#10;&#9;at java.base/java.io.File.createNewFile(File.java:1043)&#10;&#9;at server.Server.updateDB(Server.java:136)&#10;&#9;at server.Server.setData(Server.java:88)&#10;&#9;at server.Main.main(Main.java:31)&#10;&#9;at java.base/jdk.internal.reflect.NativeMethodAccessorImpl.invoke0(Native Method)&#10;&#9;at java.base/jdk.internal.reflect.NativeMethodAccessorImpl.invoke(NativeMethodAccessorImpl.java:77)&#10;&#9;at java.base/jdk.internal.reflect.DelegatingMethodAccessorImpl.invoke(DelegatingMethodAccessorImpl.java:43)&#10;&#9;at java.base/java.lang.reflect.Method.invoke(Method.java:568)&#10;&#9;at org.hyperskill.hstest.testing.execution.MainMethodExecutor.invokeMain(MainMethodExecutor.java:172)&#10;&#9;at org.hyperskill.hstest.testing.execution.MainMethodExecutor.lambda$launch$0(MainMethodExecutor.java:199)&#10;&#9;at java.base/java.util.concurrent.Executors$RunnableAdapter.call(Executors.java:539)&#10;&#9;at java.base/java.util.concurrent.FutureTask.run(FutureTask.java:264)&#10;&#9;at java.base/java.util.concurrent.ThreadPoolExecutor.runWorker(ThreadPoolExecutor.java:1136)&#10;&#9;at java.base/java.util.concurrent.ThreadPoolExecutor$Worker.run(ThreadPoolExecutor.java:635)&#10;&#9;at java.base/java.lang.Thread.run(Thread.java:833)&#10;java.io.FileNotFoundException: .\JSON Database\task\src\server\data\db.json (The system cannot find the path specified)&#10;&#9;at java.base/java.io.FileOutputStream.open0(Native Method)&#10;&#9;at java.base/java.io.FileOutputStream.open(FileOutputStream.java:293)&#10;&#9;at java.base/java.io.FileOutputStream.&lt;init&gt;(FileOutputStream.java:235)&#10;&#9;at java.base/java.io.FileOutputStream.&lt;init&gt;(FileOutputStream.java:184)&#10;&#9;at server.Server.updateDB(Server.java:142)&#10;&#9;at server.Server.setData(Server.java:88)&#10;&#9;at server.Main.main(Main.java:31)&#10;&#9;at java.base/jdk.internal.reflect.NativeMethodAccessorImpl.invoke0(Native Method)&#10;&#9;at java.base/jdk.internal.reflect.NativeMethodAccessorImpl.invoke(NativeMethodAccessorImpl.java:77)&#10;&#9;at java.base/jdk.internal.reflect.DelegatingMethodAccessorImpl.invoke(DelegatingMethodAccessorImpl.java:43)&#10;&#9;at java.base/java.lang.reflect.Method.invoke(Method.java:568)&#10;&#9;at org.hyperskill.hstest.testing.execution.MainMethodExecutor.invokeMain(MainMethodExecutor.java:172)&#10;&#9;at org.hyperskill.hstest.testing.execution.MainMethodExecutor.lambda$launch$0(MainMethodExecutor.java:199)&#10;&#9;at java.base/java.util.concurrent.Executors$RunnableAdapter.call(Executors.java:539)&#10;&#9;at java.base/java.util.concurrent.FutureTask.run(FutureTask.java:264)&#10;&#9;at java.base/java.util.concurrent.ThreadPoolExecutor.runWorker(ThreadPoolExecutor.java:1136)&#10;&#9;at java.base/java.util.concurrent.ThreadPoolExecutor$Worker.run(ThreadPoolExecutor.java:635)&#10;&#9;at java.base/java.lang.Thread.run(Thread.java:833)&#10;java.io.IOException: The system cannot find the path specified&#10;&#9;at java.base/java.io.WinNTFileSystem.createFileExclusively(Native Method)&#10;&#9;at java.base/java.io.File.createNewFile(File.java:1043)&#10;&#9;at server.Server.updateDB(Server.java:136)&#10;&#9;at server.Server.deleteData(Server.java:110)&#10;&#9;at server.Main.main(Main.java:34)&#10;&#9;at java.base/jdk.internal.reflect.NativeMethodAccessorImpl.invoke0(Native Method)&#10;&#9;at java.base/jdk.internal.reflect.NativeMethodAccessorImpl.invoke(NativeMethodAccessorImpl.java:77)&#10;&#9;at java.base/jdk.internal.reflect.DelegatingMethodAccessorImpl.invoke(DelegatingMethodAccessorImpl.java:43)&#10;&#9;at java.base/java.lang.reflect.Method.invoke(Method.java:568)&#10;&#9;at org.hyperskill.hstest.testing.execution.MainMethodExecutor.invokeMain(MainMethodExecutor.java:172)&#10;&#9;at org.hyperskill.hstest.testing.execution.MainMethodExecutor.lambda$launch$0(MainMethodExecutor.java:199)&#10;&#9;at java.base/java.util.concurrent.Executors$RunnableAdapter.call(Executors.java:539)&#10;&#9;at java.base/java.util.concurrent.FutureTask.run(FutureTask.java:264)&#10;&#9;at java.base/java.util.concurrent.ThreadPoolExecutor.runWorker(ThreadPoolExecutor.java:1136)&#10;&#9;at java.base/java.util.concurrent.ThreadPoolExecutor$Worker.run(ThreadPoolExecutor.java:635)&#10;&#9;at java.base/java.lang.Thread.run(Thread.java:833)&#10;java.io.FileNotFoundException: .\JSON Database\task\src\server\data\db.json (The system cannot find the path specified)&#10;&#9;at java.base/java.io.FileOutputStream.open0(Native Method)&#10;&#9;at java.base/java.io.FileOutputStream.open(FileOutputStream.java:293)&#10;&#9;at java.base/java.io.FileOutputStream.&lt;init&gt;(FileOutputStream.java:235)&#10;&#9;at java.base/java.io.FileOutputStream.&lt;init&gt;(FileOutputStream.java:184)&#10;&#9;at server.Server.updateDB(Server.java:142)&#10;&#9;at server.Server.deleteData(Server.java:110)&#10;&#9;at server.Main.main(Main.java:34)&#10;&#9;at java.base/jdk.internal.reflect.NativeMethodAccessorImpl.invoke0(Native Method)&#10;&#9;at java.base/jdk.internal.reflect.NativeMethodAccessorImpl.invoke(NativeMethodAccessorImpl.java:77)&#10;&#9;at java.base/jdk.internal.reflect.DelegatingMethodAccessorImpl.invoke(DelegatingMethodAccessorImpl.java:43)&#10;&#9;at java.base/java.lang.reflect.Method.invoke(Method.java:568)&#10;&#9;at org.hyperskill.hstest.testing.execution.MainMethodExecutor.invokeMain(MainMethodExecutor.java:172)&#10;&#9;at org.hyperskill.hstest.testing.execution.MainMethodExecutor.lambda$launch$0(MainMethodExecutor.java:199)&#10;&#9;at java.base/java.util.concurrent.Executors$RunnableAdapter.call(Executors.java:539)&#10;&#9;at java.base/java.util.concurrent.FutureTask.run(FutureTask.java:264)&#10;&#9;at java.base/java.util.concurrent.ThreadPoolExecutor.runWorker(ThreadPoolExecutor.java:1136)&#10;&#9;at java.base/java.util.concurrent.ThreadPoolExecutor$Worker.run(ThreadPoolExecutor.java:635)&#10;&#9;at java.base/java.lang.Thread.run(Thread.java:833)&#10;java.io.IOException: The system cannot find the path specified&#10;&#9;at java.base/java.io.WinNTFileSystem.createFileExclusively(Native Method)&#10;&#9;at java.base/java.io.File.createNewFile(File.java:1043)&#10;&#9;at server.Server.updateDB(Server.java:136)&#10;&#9;at server.Server.deleteData(Server.java:110)&#10;&#9;at server.Main.main(Main.java:34)&#10;&#9;at java.base/jdk.internal.reflect.NativeMethodAccessorImpl.invoke0(Native Method)&#10;&#9;at java.base/jdk.internal.reflect.NativeMethodAccessorImpl.invoke(NativeMethodAccessorImpl.java:77)&#10;&#9;at java.base/jdk.internal.reflect.DelegatingMethodAccessorImpl.invoke(DelegatingMethodAccessorImpl.java:43)&#10;&#9;at java.base/java.lang.reflect.Method.invoke(Method.java:568)&#10;&#9;at org.hyperskill.hstest.testing.execution.MainMethodExecutor.invokeMain(MainMethodExecutor.java:172)&#10;&#9;at org.hyperskill.hstest.testing.execution.MainMethodExecutor.lambda$launch$0(MainMethodExecutor.java:199)&#10;&#9;at java.base/java.util.concurrent.Executors$RunnableAdapter.call(Executors.java:539)&#10;&#9;at java.base/java.util.concurrent.FutureTask.run(FutureTask.java:264)&#10;&#9;at java.base/java.util.concurrent.ThreadPoolExecutor.runWorker(ThreadPoolExecutor.java:1136)&#10;&#9;at java.base/java.util.concurrent.ThreadPoolExecutor$Worker.run(ThreadPoolExecutor.java:635)&#10;&#9;at java.base/java.lang.Thread.run(Thread.java:833)&#10;java.io.FileNotFoundException: .\JSON Database\task\src\server\data\db.json (The system cannot find the path specified)&#10;&#9;at java.base/java.io.FileOutputStream.open0(Native Method)&#10;&#9;at java.base/java.io.FileOutputStream.open(FileOutputStream.java:293)&#10;&#9;at java.base/java.io.FileOutputStream.&lt;init&gt;(FileOutputStream.java:235)&#10;&#9;at java.base/java.io.FileOutputStream.&lt;init&gt;(FileOutputStream.java:184)&#10;&#9;at server.Server.updateDB(Server.java:142)&#10;&#9;at server.Server.deleteData(Server.java:110)&#10;&#9;at server.Main.main(Main.java:34)&#10;&#9;at java.base/jdk.internal.reflect.NativeMethodAccessorImpl.invoke0(Native Method)&#10;&#9;at java.base/jdk.internal.reflect.NativeMethodAccessorImpl.invoke(NativeMethodAccessorImpl.java:77)&#10;&#9;at java.base/jdk.internal.reflect.DelegatingMethodAccessorImpl.invoke(DelegatingMethodAccessorImpl.java:43)&#10;&#9;at java.base/java.lang.reflect.Method.invoke(Method.java:568)&#10;&#9;at org.hyperskill.hstest.testing.execution.MainMethodExecutor.invokeMain(MainMethodExecutor.java:172)&#10;&#9;at org.hyperskill.hstest.testing.execution.MainMethodExecutor.lambda$launch$0(MainMethodExecutor.java:199)&#10;&#9;at java.base/java.util.concurrent.Executors$RunnableAdapter.call(Executors.java:539)&#10;&#9;at java.base/java.util.concurrent.FutureTask.run(FutureTask.java:264)&#10;&#9;at java.base/java.util.concurrent.ThreadPoolExecutor.runWorker(ThreadPoolExecutor.java:1136)&#10;&#9;at java.base/java.util.concurrent.ThreadPoolExecutor$Worker.run(ThreadPoolExecutor.java:635)&#10;&#9;at java.base/java.lang.Thread.run(Thread.java:833)&#10;java.io.IOException: The system cannot find the path specified&#10;&#9;at java.base/java.io.WinNTFileSystem.createFileExclusively(Native Method)&#10;&#9;at java.base/java.io.File.createNewFile(File.java:1043)&#10;&#9;at server.Server.updateDB(Server.java:136)&#10;&#9;at server.Server.deleteData(Server.java:110)&#10;&#9;at server.Main.main(Main.java:34)&#10;&#9;at java.base/jdk.internal.reflect.NativeMethodAccessorImpl.invoke0(Native Method)&#10;&#9;at java.base/jdk.internal.reflect.NativeMethodAccessorImpl.invoke(NativeMethodAccessorImpl.java:77)&#10;&#9;at java.base/jdk.internal.reflect.DelegatingMethodAccessorImpl.invoke(DelegatingMethodAccessorImpl.java:43)&#10;&#9;at java.base/java.lang.reflect.Method.invoke(Method.java:568)&#10;&#9;at org.hyperskill.hstest.testing.execution.MainMethodExecutor.invokeMain(MainMethodExecutor.java:172)&#10;&#9;at org.hyperskill.hstest.testing.execution.MainMethodExecutor.lambda$launch$0(MainMethodExecutor.java:199)&#10;&#9;at java.base/java.util.concurrent.Executors$RunnableAdapter.call(Executors.java:539)&#10;&#9;at java.base/java.util.concurrent.FutureTask.run(FutureTask.java:264)&#10;&#9;at java.base/java.util.concurrent.ThreadPoolExecutor.runWorker(ThreadPoolExecutor.java:1136)&#10;&#9;at java.base/java.util.concurrent.ThreadPoolExecutor$Worker.run(ThreadPoolExecutor.java:635)&#10;&#9;at java.base/java.lang.Thread.run(Thread.java:833)&#10;java.io.FileNotFoundException: .\JSON Database\task\src\server\data\db.json (The system cannot find the path specified)&#10;&#9;at java.base/java.io.FileOutputStream.open0(Native Method)&#10;&#9;at java.base/java.io.FileOutputStream.open(FileOutputStream.java:293)&#10;&#9;at java.base/java.io.FileOutputStream.&lt;init&gt;(FileOutputStream.java:235)&#10;&#9;at java.base/java.io.FileOutputStream.&lt;init&gt;(FileOutputStream.java:184)&#10;&#9;at server.Server.updateDB(Server.java:142)&#10;&#9;at server.Server.deleteData(Server.java:110)&#10;&#9;at server.Main.main(Main.java:34)&#10;&#9;at java.base/jdk.internal.reflect.NativeMethodAccessorImpl.invoke0(Native Method)&#10;&#9;at java.base/jdk.internal.reflect.NativeMethodAccessorImpl.invoke(NativeMethodAccessorImpl.java:77)&#10;&#9;at java.base/jdk.internal.reflect.DelegatingMethodAccessorImpl.invoke(DelegatingMethodAccessorImpl.java:43)&#10;&#9;at java.base/java.lang.reflect.Method.invoke(Method.java:568)&#10;&#9;at org.hyperskill.hstest.testing.execution.MainMethodExecutor.invokeMain(MainMethodExecutor.java:172)&#10;&#9;at org.hyperskill.hstest.testing.execution.MainMethodExecutor.lambda$launch$0(MainMethodExecutor.java:199)&#10;&#9;at java.base/java.util.concurrent.Executors$RunnableAdapter.call(Executors.java:539)&#10;&#9;at java.base/java.util.concurrent.FutureTask.run(FutureTask.java:264)&#10;&#9;at java.base/java.util.concurrent.ThreadPoolExecutor.runWorker(ThreadPoolExecutor.java:1136)&#10;&#9;at java.base/java.util.concurrent.ThreadPoolExecutor$Worker.run(ThreadPoolExecutor.java:635)&#10;&#9;at java.base/java.lang.Thread.run(Thread.java:833)&#10;java.io.IOException: The system cannot find the path specified&#10;&#9;at java.base/java.io.WinNTFileSystem.createFileExclusively(Native Method)&#10;&#9;at java.base/java.io.File.createNewFile(File.java:1043)&#10;&#9;at server.Server.updateDB(Server.java:136)&#10;&#9;at server.Server.setData(Server.java:88)&#10;&#9;at server.Main.main(Main.java:31)&#10;&#9;at java.base/jdk.internal.reflect.NativeMethodAccessorImpl.invoke0(Native Method)&#10;&#9;at java.base/jdk.internal.reflect.NativeMethodAccessorImpl.invoke(NativeMethodAccessorImpl.java:77)&#10;&#9;at java.base/jdk.internal.reflect.DelegatingMethodAccessorImpl.invoke(DelegatingMethodAccessorImpl.java:43)&#10;&#9;at java.base/java.lang.reflect.Method.invoke(Method.java:568)&#10;&#9;at org.hyperskill.hstest.testing.execution.MainMethodExecutor.invokeMain(MainMethodExecutor.java:172)&#10;&#9;at org.hyperskill.hstest.testing.execution.MainMethodExecutor.lambda$launch$0(MainMethodExecutor.java:199)&#10;&#9;at java.base/java.util.concurrent.Executors$RunnableAdapter.call(Executors.java:539)&#10;&#9;at java.base/java.util.concurrent.FutureTask.run(FutureTask.java:264)&#10;&#9;at java.base/java.util.concurrent.ThreadPoolExecutor.runWorker(ThreadPoolExecutor.java:1136)&#10;&#9;at java.base/java.util.concurrent.ThreadPoolExecutor$Worker.run(ThreadPoolExecutor.java:635)&#10;&#9;at java.base/java.lang.Thread.run(Thread.java:833)&#10;java.io.FileNotFoundException: .\JSON Database\task\src\server\data\db.json (The system cannot find the path specified)&#10;&#9;at java.base/java.io.FileOutputStream.open0(Native Method)&#10;&#9;at java.base/java.io.FileOutputStream.open(FileOutputStream.java:293)&#10;&#9;at java.base/java.io.FileOutputStream.&lt;init&gt;(FileOutputStream.java:235)&#10;&#9;at java.base/java.io.FileOutputStream.&lt;init&gt;(FileOutputStream.java:184)&#10;&#9;at server.Server.updateDB(Server.java:142)&#10;&#9;at server.Server.setData(Server.java:88)&#10;&#9;at server.Main.main(Main.java:31)&#10;&#9;at java.base/jdk.internal.reflect.NativeMethodAccessorImpl.invoke0(Native Method)&#10;&#9;at java.base/jdk.internal.reflect.NativeMethodAccessorImpl.invoke(NativeMethodAccessorImpl.java:77)&#10;&#9;at java.base/jdk.internal.reflect.DelegatingMethodAccessorImpl.invoke(DelegatingMethodAccessorImpl.java:43)&#10;&#9;at java.base/java.lang.reflect.Method.invoke(Method.java:568)&#10;&#9;at org.hyperskill.hstest.testing.execution.MainMethodExecutor.invokeMain(MainMethodExecutor.java:172)&#10;&#9;at org.hyperskill.hstest.testing.execution.MainMethodExecutor.lambda$launch$0(MainMethodExecutor.java:199)&#10;&#9;at java.base/java.util.concurrent.Executors$RunnableAdapter.call(Executors.java:539)&#10;&#9;at java.base/java.util.concurrent.FutureTask.run(FutureTask.java:264)&#10;&#9;at java.base/java.util.concurrent.ThreadPoolExecutor.runWorker(ThreadPoolExecutor.java:1136)&#10;&#9;at java.base/java.util.concurrent.ThreadPoolExecutor$Worker.run(ThreadPoolExecutor.java:635)&#10;&#9;at java.base/java.lang.Thread.run(Thread.java:833)&#10;java.io.IOException: The system cannot find the path specified&#10;&#9;at java.base/java.io.WinNTFileSystem.createFileExclusively(Native Method)&#10;&#9;at java.base/java.io.File.createNewFile(File.java:1043)&#10;&#9;at server.Server.updateDB(Server.java:136)&#10;&#9;at server.Server.deleteData(Server.java:110)&#10;&#9;at server.Main.main(Main.java:34)&#10;&#9;at java.base/jdk.internal.reflect.NativeMethodAccessorImpl.invoke0(Native Method)&#10;&#9;at java.base/jdk.internal.reflect.NativeMethodAccessorImpl.invoke(NativeMethodAccessorImpl.java:77)&#10;&#9;at java.base/jdk.internal.reflect.DelegatingMethodAccessorImpl.invoke(DelegatingMethodAccessorImpl.java:43)&#10;&#9;at java.base/java.lang.reflect.Method.invoke(Method.java:568)&#10;&#9;at org.hyperskill.hstest.testing.execution.MainMethodExecutor.invokeMain(MainMethodExecutor.java:172)&#10;&#9;at org.hyperskill.hstest.testing.execution.MainMethodExecutor.lambda$launch$0(MainMethodExecutor.java:199)&#10;&#9;at java.base/java.util.concurrent.Executors$RunnableAdapter.call(Executors.java:539)&#10;&#9;at java.base/java.util.concurrent.FutureTask.run(FutureTask.java:264)&#10;&#9;at java.base/java.util.concurrent.ThreadPoolExecutor.runWorker(ThreadPoolExecutor.java:1136)&#10;&#9;at java.base/java.util.concurrent.ThreadPoolExecutor$Worker.run(ThreadPoolExecutor.java:635)&#10;&#9;at java.base/java.lang.Thread.run(Thread.java:833)&#10;java.io.FileNotFoundException: .\JSON Database\task\src\server\data\db.json (The system cannot find the path specified)&#10;&#9;at java.base/java.io.FileOutputStream.open0(Native Method)&#10;&#9;at java.base/java.io.FileOutputStream.open(FileOutputStream.java:293)&#10;&#9;at java.base/java.io.FileOutputStream.&lt;init&gt;(FileOutputStream.java:235)&#10;&#9;at java.base/java.io.FileOutputStream.&lt;init&gt;(FileOutputStream.java:184)&#10;&#9;at server.Server.updateDB(Server.java:142)&#10;&#9;at server.Server.deleteData(Server.java:110)&#10;&#9;at server.Main.main(Main.java:34)&#10;&#9;at java.base/jdk.internal.reflect.NativeMethodAccessorImpl.invoke0(Native Method)&#10;&#9;at java.base/jdk.internal.reflect.NativeMethodAccessorImpl.invoke(NativeMethodAccessorImpl.java:77)&#10;&#9;at java.base/jdk.internal.reflect.DelegatingMethodAccessorImpl.invoke(DelegatingMethodAccessorImpl.java:43)&#10;&#9;at java.base/java.lang.reflect.Method.invoke(Method.java:568)&#10;&#9;at org.hyperskill.hstest.testing.execution.MainMethodExecutor.invokeMain(MainMethodExecutor.java:172)&#10;&#9;at org.hyperskill.hstest.testing.execution.MainMethodExecutor.lambda$launch$0(MainMethodExecutor.java:199)&#10;&#9;at java.base/java.util.concurrent.Executors$RunnableAdapter.call(Executors.java:539)&#10;&#9;at java.base/java.util.concurrent.FutureTask.run(FutureTask.java:264)&#10;&#9;at java.base/java.util.concurrent.ThreadPoolExecutor.runWorker(ThreadPoolExecutor.java:1136)&#10;&#9;at java.base/java.util.concurrent.ThreadPoolExecutor$Worker.run(ThreadPoolExecutor.java:635)&#10;&#9;at java.base/java.lang.Thread.run(Thread.java:833)" type="java.lang.AssertionError">java.lang.AssertionError: Wrong answer in test #3

Looks like you don't process client connection in another thread.
Every client request should be parsed and handled in a separate thread!

Please find below the output of your program during this failed test.

---

Arguments for Main: -t get -k 1
Arguments for Main: -t set -k 1 -v &quot;Hello world!&quot;
Arguments for Main: -t set -k 1 -v HelloWorld!
Arguments for Main: -t get -k 1
Arguments for Main: -t delete -k 1
Arguments for Main: -t delete -k 1
Arguments for Main: -t get -k 1
Arguments for Main: -t set -k text -v &quot;Some text here&quot;
Arguments for Main: -t get -k text
Arguments for Main: -t get -k 56
Arguments for Main: -t delete -k 56
Arguments for Main: -t delete -k 100
Arguments for Main: -t delete -k &quot;That key doesn't exist&quot;
Arguments for Main: -in testSet.json
Arguments for Main: -in testGet.json
Arguments for Main: -in testDelete.json
Arguments for Main: -in testGet.json

stdout:
Server started!
Client started!
Sent: {&quot;type&quot;:&quot;get&quot;,&quot;key&quot;:&quot;1&quot;}
Received: {&quot;response&quot;:&quot;ERROR&quot;,&quot;reason&quot;:&quot;No such key&quot;}
Client started!
Sent: {&quot;type&quot;:&quot;set&quot;,&quot;key&quot;:&quot;1&quot;,&quot;value&quot;:&quot;Hello world!&quot;}
Received: {&quot;response&quot;:&quot;OK&quot;}
Client started!
Sent: {&quot;type&quot;:&quot;set&quot;,&quot;key&quot;:&quot;1&quot;,&quot;value&quot;:&quot;HelloWorld!&quot;}
Received: {&quot;response&quot;:&quot;OK&quot;}
Client started!
Sent: {&quot;type&quot;:&quot;get&quot;,&quot;key&quot;:&quot;1&quot;}
Received: {&quot;response&quot;:&quot;OK&quot;,&quot;value&quot;:&quot;HelloWorld!&quot;}
Client started!
Sent: {&quot;type&quot;:&quot;delete&quot;,&quot;key&quot;:&quot;1&quot;}
Received: {&quot;response&quot;:&quot;OK&quot;}
Client started!
Sent: {&quot;type&quot;:&quot;delete&quot;,&quot;key&quot;:&quot;1&quot;}
Received: {&quot;response&quot;:&quot;ERROR&quot;,&quot;reason&quot;:&quot;No such key&quot;}
Client started!
Sent: {&quot;type&quot;:&quot;get&quot;,&quot;key&quot;:&quot;1&quot;}
Received: {&quot;response&quot;:&quot;ERROR&quot;,&quot;reason&quot;:&quot;No such key&quot;}
Client started!
Sent: {&quot;type&quot;:&quot;set&quot;,&quot;key&quot;:&quot;text&quot;,&quot;value&quot;:&quot;Some text here&quot;}
Received: {&quot;response&quot;:&quot;OK&quot;}
Client started!
Sent: {&quot;type&quot;:&quot;get&quot;,&quot;key&quot;:&quot;text&quot;}
Received: {&quot;response&quot;:&quot;OK&quot;,&quot;value&quot;:&quot;Some text here&quot;}
Client started!
Sent: {&quot;type&quot;:&quot;get&quot;,&quot;key&quot;:&quot;56&quot;}
Received: {&quot;response&quot;:&quot;ERROR&quot;,&quot;reason&quot;:&quot;No such key&quot;}
Client started!
Sent: {&quot;type&quot;:&quot;delete&quot;,&quot;key&quot;:&quot;56&quot;}
Received: {&quot;response&quot;:&quot;ERROR&quot;,&quot;reason&quot;:&quot;No such key&quot;}
Client started!
Sent: {&quot;type&quot;:&quot;delete&quot;,&quot;key&quot;:&quot;100&quot;}
Received: {&quot;response&quot;:&quot;ERROR&quot;,&quot;reason&quot;:&quot;No such key&quot;}
Client started!
Sent: {&quot;type&quot;:&quot;delete&quot;,&quot;key&quot;:&quot;That key doesn\u0027t exist&quot;}
Received: {&quot;response&quot;:&quot;ERROR&quot;,&quot;reason&quot;:&quot;No such key&quot;}
Client started!
F:\JSON Database\JSON Database\task\.\src\client\data\testSet.json
true
Sent: {&quot;type&quot;:&quot;set&quot;,&quot;key&quot;:&quot;name&quot;,&quot;value&quot;:&quot;Kate&quot;}
Received: {&quot;response&quot;:&quot;OK&quot;}
Client started!
F:\JSON Database\JSON Database\task\.\src\client\data\testGet.json
true
Sent: {&quot;type&quot;:&quot;get&quot;,&quot;key&quot;:&quot;name&quot;}
Received: {&quot;response&quot;:&quot;OK&quot;,&quot;value&quot;:&quot;Kate&quot;}
Client started!
F:\JSON Database\JSON Database\task\.\src\client\data\testDelete.json
true
Sent: {&quot;type&quot;:&quot;delete&quot;,&quot;key&quot;:&quot;name&quot;}
Received: {&quot;response&quot;:&quot;OK&quot;}
Client started!
F:\JSON Database\JSON Database\task\.\src\client\data\testGet.json
true
Sent: {&quot;type&quot;:&quot;get&quot;,&quot;key&quot;:&quot;name&quot;}
Received: {&quot;response&quot;:&quot;ERROR&quot;,&quot;reason&quot;:&quot;No such key&quot;}

stderr:
[last 250 lines of output are shown, 110 skipped]
	at java.base/java.io.File.createNewFile(File.java:1043)
	at server.Server.updateDB(Server.java:136)
	at server.Server.deleteData(Server.java:110)
	at server.Main.main(Main.java:34)
	at java.base/jdk.internal.reflect.NativeMethodAccessorImpl.invoke0(Native Method)
	at java.base/jdk.internal.reflect.NativeMethodAccessorImpl.invoke(NativeMethodAccessorImpl.java:77)
	at java.base/jdk.internal.reflect.DelegatingMethodAccessorImpl.invoke(DelegatingMethodAccessorImpl.java:43)
	at java.base/java.lang.reflect.Method.invoke(Method.java:568)
	at org.hyperskill.hstest.testing.execution.MainMethodExecutor.invokeMain(MainMethodExecutor.java:172)
	at org.hyperskill.hstest.testing.execution.MainMethodExecutor.lambda$launch$0(MainMethodExecutor.java:199)
	at java.base/java.util.concurrent.Executors$RunnableAdapter.call(Executors.java:539)
	at java.base/java.util.concurrent.FutureTask.run(FutureTask.java:264)
	at java.base/java.util.concurrent.ThreadPoolExecutor.runWorker(ThreadPoolExecutor.java:1136)
	at java.base/java.util.concurrent.ThreadPoolExecutor$Worker.run(ThreadPoolExecutor.java:635)
	at java.base/java.lang.Thread.run(Thread.java:833)
java.io.FileNotFoundException: .\JSON Database\task\src\server\data\db.json (The system cannot find the path specified)
	at java.base/java.io.FileOutputStream.open0(Native Method)
	at java.base/java.io.FileOutputStream.open(FileOutputStream.java:293)
	at java.base/java.io.FileOutputStream.&lt;init&gt;(FileOutputStream.java:235)
	at java.base/java.io.FileOutputStream.&lt;init&gt;(FileOutputStream.java:184)
	at server.Server.updateDB(Server.java:142)
	at server.Server.deleteData(Server.java:110)
	at server.Main.main(Main.java:34)
	at java.base/jdk.internal.reflect.NativeMethodAccessorImpl.invoke0(Native Method)
	at java.base/jdk.internal.reflect.NativeMethodAccessorImpl.invoke(NativeMethodAccessorImpl.java:77)
	at java.base/jdk.internal.reflect.DelegatingMethodAccessorImpl.invoke(DelegatingMethodAccessorImpl.java:43)
	at java.base/java.lang.reflect.Method.invoke(Method.java:568)
	at org.hyperskill.hstest.testing.execution.MainMethodExecutor.invokeMain(MainMethodExecutor.java:172)
	at org.hyperskill.hstest.testing.execution.MainMethodExecutor.lambda$launch$0(MainMethodExecutor.java:199)
	at java.base/java.util.concurrent.Executors$RunnableAdapter.call(Executors.java:539)
	at java.base/java.util.concurrent.FutureTask.run(FutureTask.java:264)
	at java.base/java.util.concurrent.ThreadPoolExecutor.runWorker(ThreadPoolExecutor.java:1136)
	at java.base/java.util.concurrent.ThreadPoolExecutor$Worker.run(ThreadPoolExecutor.java:635)
	at java.base/java.lang.Thread.run(Thread.java:833)
java.io.IOException: The system cannot find the path specified
	at java.base/java.io.WinNTFileSystem.createFileExclusively(Native Method)
	at java.base/java.io.File.createNewFile(File.java:1043)
	at server.Server.updateDB(Server.java:136)
	at server.Server.setData(Server.java:88)
	at server.Main.main(Main.java:31)
	at java.base/jdk.internal.reflect.NativeMethodAccessorImpl.invoke0(Native Method)
	at java.base/jdk.internal.reflect.NativeMethodAccessorImpl.invoke(NativeMethodAccessorImpl.java:77)
	at java.base/jdk.internal.reflect.DelegatingMethodAccessorImpl.invoke(DelegatingMethodAccessorImpl.java:43)
	at java.base/java.lang.reflect.Method.invoke(Method.java:568)
	at org.hyperskill.hstest.testing.execution.MainMethodExecutor.invokeMain(MainMethodExecutor.java:172)
	at org.hyperskill.hstest.testing.execution.MainMethodExecutor.lambda$launch$0(MainMethodExecutor.java:199)
	at java.base/java.util.concurrent.Executors$RunnableAdapter.call(Executors.java:539)
	at java.base/java.util.concurrent.FutureTask.run(FutureTask.java:264)
	at java.base/java.util.concurrent.ThreadPoolExecutor.runWorker(ThreadPoolExecutor.java:1136)
	at java.base/java.util.concurrent.ThreadPoolExecutor$Worker.run(ThreadPoolExecutor.java:635)
	at java.base/java.lang.Thread.run(Thread.java:833)
java.io.FileNotFoundException: .\JSON Database\task\src\server\data\db.json (The system cannot find the path specified)
	at java.base/java.io.FileOutputStream.open0(Native Method)
	at java.base/java.io.FileOutputStream.open(FileOutputStream.java:293)
	at java.base/java.io.FileOutputStream.&lt;init&gt;(FileOutputStream.java:235)
	at java.base/java.io.FileOutputStream.&lt;init&gt;(FileOutputStream.java:184)
	at server.Server.updateDB(Server.java:142)
	at server.Server.setData(Server.java:88)
	at server.Main.main(Main.java:31)
	at java.base/jdk.internal.reflect.NativeMethodAccessorImpl.invoke0(Native Method)
	at java.base/jdk.internal.reflect.NativeMethodAccessorImpl.invoke(NativeMethodAccessorImpl.java:77)
	at java.base/jdk.internal.reflect.DelegatingMethodAccessorImpl.invoke(DelegatingMethodAccessorImpl.java:43)
	at java.base/java.lang.reflect.Method.invoke(Method.java:568)
	at org.hyperskill.hstest.testing.execution.MainMethodExecutor.invokeMain(MainMethodExecutor.java:172)
	at org.hyperskill.hstest.testing.execution.MainMethodExecutor.lambda$launch$0(MainMethodExecutor.java:199)
	at java.base/java.util.concurrent.Executors$RunnableAdapter.call(Executors.java:539)
	at java.base/java.util.concurrent.FutureTask.run(FutureTask.java:264)
	at java.base/java.util.concurrent.ThreadPoolExecutor.runWorker(ThreadPoolExecutor.java:1136)
	at java.base/java.util.concurrent.ThreadPoolExecutor$Worker.run(ThreadPoolExecutor.java:635)
	at java.base/java.lang.Thread.run(Thread.java:833)
java.io.IOException: The system cannot find the path specified
	at java.base/java.io.WinNTFileSystem.createFileExclusively(Native Method)
	at java.base/java.io.File.createNewFile(File.java:1043)
	at server.Server.updateDB(Server.java:136)
	at server.Server.deleteData(Server.java:110)
	at server.Main.main(Main.java:34)
	at java.base/jdk.internal.reflect.NativeMethodAccessorImpl.invoke0(Native Method)
	at java.base/jdk.internal.reflect.NativeMethodAccessorImpl.invoke(NativeMethodAccessorImpl.java:77)
	at java.base/jdk.internal.reflect.DelegatingMethodAccessorImpl.invoke(DelegatingMethodAccessorImpl.java:43)
	at java.base/java.lang.reflect.Method.invoke(Method.java:568)
	at org.hyperskill.hstest.testing.execution.MainMethodExecutor.invokeMain(MainMethodExecutor.java:172)
	at org.hyperskill.hstest.testing.execution.MainMethodExecutor.lambda$launch$0(MainMethodExecutor.java:199)
	at java.base/java.util.concurrent.Executors$RunnableAdapter.call(Executors.java:539)
	at java.base/java.util.concurrent.FutureTask.run(FutureTask.java:264)
	at java.base/java.util.concurrent.ThreadPoolExecutor.runWorker(ThreadPoolExecutor.java:1136)
	at java.base/java.util.concurrent.ThreadPoolExecutor$Worker.run(ThreadPoolExecutor.java:635)
	at java.base/java.lang.Thread.run(Thread.java:833)
java.io.FileNotFoundException: .\JSON Database\task\src\server\data\db.json (The system cannot find the path specified)
	at java.base/java.io.FileOutputStream.open0(Native Method)
	at java.base/java.io.FileOutputStream.open(FileOutputStream.java:293)
	at java.base/java.io.FileOutputStream.&lt;init&gt;(FileOutputStream.java:235)
	at java.base/java.io.FileOutputStream.&lt;init&gt;(FileOutputStream.java:184)
	at server.Server.updateDB(Server.java:142)
	at server.Server.deleteData(Server.java:110)
	at server.Main.main(Main.java:34)
	at java.base/jdk.internal.reflect.NativeMethodAccessorImpl.invoke0(Native Method)
	at java.base/jdk.internal.reflect.NativeMethodAccessorImpl.invoke(NativeMethodAccessorImpl.java:77)
	at java.base/jdk.internal.reflect.DelegatingMethodAccessorImpl.invoke(DelegatingMethodAccessorImpl.java:43)
	at java.base/java.lang.reflect.Method.invoke(Method.java:568)
	at org.hyperskill.hstest.testing.execution.MainMethodExecutor.invokeMain(MainMethodExecutor.java:172)
	at org.hyperskill.hstest.testing.execution.MainMethodExecutor.lambda$launch$0(MainMethodExecutor.java:199)
	at java.base/java.util.concurrent.Executors$RunnableAdapter.call(Executors.java:539)
	at java.base/java.util.concurrent.FutureTask.run(FutureTask.java:264)
	at java.base/java.util.concurrent.ThreadPoolExecutor.runWorker(ThreadPoolExecutor.java:1136)
	at java.base/java.util.concurrent.ThreadPoolExecutor$Worker.run(ThreadPoolExecutor.java:635)
	at java.base/java.lang.Thread.run(Thread.java:833)
java.io.IOException: The system cannot find the path specified
	at java.base/java.io.WinNTFileSystem.createFileExclusively(Native Method)
	at java.base/java.io.File.createNewFile(File.java:1043)
	at server.Server.updateDB(Server.java:136)
	at server.Server.deleteData(Server.java:110)
	at server.Main.main(Main.java:34)
	at java.base/jdk.internal.reflect.NativeMethodAccessorImpl.invoke0(Native Method)
	at java.base/jdk.internal.reflect.NativeMethodAccessorImpl.invoke(NativeMethodAccessorImpl.java:77)
	at java.base/jdk.internal.reflect.DelegatingMethodAccessorImpl.invoke(DelegatingMethodAccessorImpl.java:43)
	at java.base/java.lang.reflect.Method.invoke(Method.java:568)
	at org.hyperskill.hstest.testing.execution.MainMethodExecutor.invokeMain(MainMethodExecutor.java:172)
	at org.hyperskill.hstest.testing.execution.MainMethodExecutor.lambda$launch$0(MainMethodExecutor.java:199)
	at java.base/java.util.concurrent.Executors$RunnableAdapter.call(Executors.java:539)
	at java.base/java.util.concurrent.FutureTask.run(FutureTask.java:264)
	at java.base/java.util.concurrent.ThreadPoolExecutor.runWorker(ThreadPoolExecutor.java:1136)
	at java.base/java.util.concurrent.ThreadPoolExecutor$Worker.run(ThreadPoolExecutor.java:635)
	at java.base/java.lang.Thread.run(Thread.java:833)
java.io.FileNotFoundException: .\JSON Database\task\src\server\data\db.json (The system cannot find the path specified)
	at java.base/java.io.FileOutputStream.open0(Native Method)
	at java.base/java.io.FileOutputStream.open(FileOutputStream.java:293)
	at java.base/java.io.FileOutputStream.&lt;init&gt;(FileOutputStream.java:235)
	at java.base/java.io.FileOutputStream.&lt;init&gt;(FileOutputStream.java:184)
	at server.Server.updateDB(Server.java:142)
	at server.Server.deleteData(Server.java:110)
	at server.Main.main(Main.java:34)
	at java.base/jdk.internal.reflect.NativeMethodAccessorImpl.invoke0(Native Method)
	at java.base/jdk.internal.reflect.NativeMethodAccessorImpl.invoke(NativeMethodAccessorImpl.java:77)
	at java.base/jdk.internal.reflect.DelegatingMethodAccessorImpl.invoke(DelegatingMethodAccessorImpl.java:43)
	at java.base/java.lang.reflect.Method.invoke(Method.java:568)
	at org.hyperskill.hstest.testing.execution.MainMethodExecutor.invokeMain(MainMethodExecutor.java:172)
	at org.hyperskill.hstest.testing.execution.MainMethodExecutor.lambda$launch$0(MainMethodExecutor.java:199)
	at java.base/java.util.concurrent.Executors$RunnableAdapter.call(Executors.java:539)
	at java.base/java.util.concurrent.FutureTask.run(FutureTask.java:264)
	at java.base/java.util.concurrent.ThreadPoolExecutor.runWorker(ThreadPoolExecutor.java:1136)
	at java.base/java.util.concurrent.ThreadPoolExecutor$Worker.run(ThreadPoolExecutor.java:635)
	at java.base/java.lang.Thread.run(Thread.java:833)
java.io.IOException: The system cannot find the path specified
	at java.base/java.io.WinNTFileSystem.createFileExclusively(Native Method)
	at java.base/java.io.File.createNewFile(File.java:1043)
	at server.Server.updateDB(Server.java:136)
	at server.Server.deleteData(Server.java:110)
	at server.Main.main(Main.java:34)
	at java.base/jdk.internal.reflect.NativeMethodAccessorImpl.invoke0(Native Method)
	at java.base/jdk.internal.reflect.NativeMethodAccessorImpl.invoke(NativeMethodAccessorImpl.java:77)
	at java.base/jdk.internal.reflect.DelegatingMethodAccessorImpl.invoke(DelegatingMethodAccessorImpl.java:43)
	at java.base/java.lang.reflect.Method.invoke(Method.java:568)
	at org.hyperskill.hstest.testing.execution.MainMethodExecutor.invokeMain(MainMethodExecutor.java:172)
	at org.hyperskill.hstest.testing.execution.MainMethodExecutor.lambda$launch$0(MainMethodExecutor.java:199)
	at java.base/java.util.concurrent.Executors$RunnableAdapter.call(Executors.java:539)
	at java.base/java.util.concurrent.FutureTask.run(FutureTask.java:264)
	at java.base/java.util.concurrent.ThreadPoolExecutor.runWorker(ThreadPoolExecutor.java:1136)
	at java.base/java.util.concurrent.ThreadPoolExecutor$Worker.run(ThreadPoolExecutor.java:635)
	at java.base/java.lang.Thread.run(Thread.java:833)
java.io.FileNotFoundException: .\JSON Database\task\src\server\data\db.json (The system cannot find the path specified)
	at java.base/java.io.FileOutputStream.open0(Native Method)
	at java.base/java.io.FileOutputStream.open(FileOutputStream.java:293)
	at java.base/java.io.FileOutputStream.&lt;init&gt;(FileOutputStream.java:235)
	at java.base/java.io.FileOutputStream.&lt;init&gt;(FileOutputStream.java:184)
	at server.Server.updateDB(Server.java:142)
	at server.Server.deleteData(Server.java:110)
	at server.Main.main(Main.java:34)
	at java.base/jdk.internal.reflect.NativeMethodAccessorImpl.invoke0(Native Method)
	at java.base/jdk.internal.reflect.NativeMethodAccessorImpl.invoke(NativeMethodAccessorImpl.java:77)
	at java.base/jdk.internal.reflect.DelegatingMethodAccessorImpl.invoke(DelegatingMethodAccessorImpl.java:43)
	at java.base/java.lang.reflect.Method.invoke(Method.java:568)
	at org.hyperskill.hstest.testing.execution.MainMethodExecutor.invokeMain(MainMethodExecutor.java:172)
	at org.hyperskill.hstest.testing.execution.MainMethodExecutor.lambda$launch$0(MainMethodExecutor.java:199)
	at java.base/java.util.concurrent.Executors$RunnableAdapter.call(Executors.java:539)
	at java.base/java.util.concurrent.FutureTask.run(FutureTask.java:264)
	at java.base/java.util.concurrent.ThreadPoolExecutor.runWorker(ThreadPoolExecutor.java:1136)
	at java.base/java.util.concurrent.ThreadPoolExecutor$Worker.run(ThreadPoolExecutor.java:635)
	at java.base/java.lang.Thread.run(Thread.java:833)
java.io.IOException: The system cannot find the path specified
	at java.base/java.io.WinNTFileSystem.createFileExclusively(Native Method)
	at java.base/java.io.File.createNewFile(File.java:1043)
	at server.Server.updateDB(Server.java:136)
	at server.Server.setData(Server.java:88)
	at server.Main.main(Main.java:31)
	at java.base/jdk.internal.reflect.NativeMethodAccessorImpl.invoke0(Native Method)
	at java.base/jdk.internal.reflect.NativeMethodAccessorImpl.invoke(NativeMethodAccessorImpl.java:77)
	at java.base/jdk.internal.reflect.DelegatingMethodAccessorImpl.invoke(DelegatingMethodAccessorImpl.java:43)
	at java.base/java.lang.reflect.Method.invoke(Method.java:568)
	at org.hyperskill.hstest.testing.execution.MainMethodExecutor.invokeMain(MainMethodExecutor.java:172)
	at org.hyperskill.hstest.testing.execution.MainMethodExecutor.lambda$launch$0(MainMethodExecutor.java:199)
	at java.base/java.util.concurrent.Executors$RunnableAdapter.call(Executors.java:539)
	at java.base/java.util.concurrent.FutureTask.run(FutureTask.java:264)
	at java.base/java.util.concurrent.ThreadPoolExecutor.runWorker(ThreadPoolExecutor.java:1136)
	at java.base/java.util.concurrent.ThreadPoolExecutor$Worker.run(ThreadPoolExecutor.java:635)
	at java.base/java.lang.Thread.run(Thread.java:833)
java.io.FileNotFoundException: .\JSON Database\task\src\server\data\db.json (The system cannot find the path specified)
	at java.base/java.io.FileOutputStream.open0(Native Method)
	at java.base/java.io.FileOutputStream.open(FileOutputStream.java:293)
	at java.base/java.io.FileOutputStream.&lt;init&gt;(FileOutputStream.java:235)
	at java.base/java.io.FileOutputStream.&lt;init&gt;(FileOutputStream.java:184)
	at server.Server.updateDB(Server.java:142)
	at server.Server.setData(Server.java:88)
	at server.Main.main(Main.java:31)
	at java.base/jdk.internal.reflect.NativeMethodAccessorImpl.invoke0(Native Method)
	at java.base/jdk.internal.reflect.NativeMethodAccessorImpl.invoke(NativeMethodAccessorImpl.java:77)
	at java.base/jdk.internal.reflect.DelegatingMethodAccessorImpl.invoke(DelegatingMethodAccessorImpl.java:43)
	at java.base/java.lang.reflect.Method.invoke(Method.java:568)
	at org.hyperskill.hstest.testing.execution.MainMethodExecutor.invokeMain(MainMethodExecutor.java:172)
	at org.hyperskill.hstest.testing.execution.MainMethodExecutor.lambda$launch$0(MainMethodExecutor.java:199)
	at java.base/java.util.concurrent.Executors$RunnableAdapter.call(Executors.java:539)
	at java.base/java.util.concurrent.FutureTask.run(FutureTask.java:264)
	at java.base/java.util.concurrent.ThreadPoolExecutor.runWorker(ThreadPoolExecutor.java:1136)
	at java.base/java.util.concurrent.ThreadPoolExecutor$Worker.run(ThreadPoolExecutor.java:635)
	at java.base/java.lang.Thread.run(Thread.java:833)
java.io.IOException: The system cannot find the path specified
	at java.base/java.io.WinNTFileSystem.createFileExclusively(Native Method)
	at java.base/java.io.File.createNewFile(File.java:1043)
	at server.Server.updateDB(Server.java:136)
	at server.Server.deleteData(Server.java:110)
	at server.Main.main(Main.java:34)
	at java.base/jdk.internal.reflect.NativeMethodAccessorImpl.invoke0(Native Method)
	at java.base/jdk.internal.reflect.NativeMethodAccessorImpl.invoke(NativeMethodAccessorImpl.java:77)
	at java.base/jdk.internal.reflect.DelegatingMethodAccessorImpl.invoke(DelegatingMethodAccessorImpl.java:43)
	at java.base/java.lang.reflect.Method.invoke(Method.java:568)
	at org.hyperskill.hstest.testing.execution.MainMethodExecutor.invokeMain(MainMethodExecutor.java:172)
	at org.hyperskill.hstest.testing.execution.MainMethodExecutor.lambda$launch$0(MainMethodExecutor.java:199)
	at java.base/java.util.concurrent.Executors$RunnableAdapter.call(Executors.java:539)
	at java.base/java.util.concurrent.FutureTask.run(FutureTask.java:264)
	at java.base/java.util.concurrent.ThreadPoolExecutor.runWorker(ThreadPoolExecutor.java:1136)
	at java.base/java.util.concurrent.ThreadPoolExecutor$Worker.run(ThreadPoolExecutor.java:635)
	at java.base/java.lang.Thread.run(Thread.java:833)
java.io.FileNotFoundException: .\JSON Database\task\src\server\data\db.json (The system cannot find the path specified)
	at java.base/java.io.FileOutputStream.open0(Native Method)
	at java.base/java.io.FileOutputStream.open(FileOutputStream.java:293)
	at java.base/java.io.FileOutputStream.&lt;init&gt;(FileOutputStream.java:235)
	at java.base/java.io.FileOutputStream.&lt;init&gt;(FileOutputStream.java:184)
	at server.Server.updateDB(Server.java:142)
	at server.Server.deleteData(Server.java:110)
	at server.Main.main(Main.java:34)
	at java.base/jdk.internal.reflect.NativeMethodAccessorImpl.invoke0(Native Method)
	at java.base/jdk.internal.reflect.NativeMethodAccessorImpl.invoke(NativeMethodAccessorImpl.java:77)
	at java.base/jdk.internal.reflect.DelegatingMethodAccessorImpl.invoke(DelegatingMethodAccessorImpl.java:43)
	at java.base/java.lang.reflect.Method.invoke(Method.java:568)
	at org.hyperskill.hstest.testing.execution.MainMethodExecutor.invokeMain(MainMethodExecutor.java:172)
	at org.hyperskill.hstest.testing.execution.MainMethodExecutor.lambda$launch$0(MainMethodExecutor.java:199)
	at java.base/java.util.concurrent.Executors$RunnableAdapter.call(Executors.java:539)
	at java.base/java.util.concurrent.FutureTask.run(FutureTask.java:264)
	at java.base/java.util.concurrent.ThreadPoolExecutor.runWorker(ThreadPoolExecutor.java:1136)
	at java.base/java.util.concurrent.ThreadPoolExecutor$Worker.run(ThreadPoolExecutor.java:635)
	at java.base/java.lang.Thread.run(Thread.java:833)
	at org.junit.Assert.fail(Assert.java:88)
	at org.hyperskill.hstest.stage.StageTest.start(StageTest.java:155)
	at java.base/jdk.internal.reflect.NativeMethodAccessorImpl.invoke0(Native Method)
	at java.base/jdk.internal.reflect.NativeMethodAccessorImpl.invoke(NativeMethodAccessorImpl.java:77)
	at java.base/jdk.internal.reflect.DelegatingMethodAccessorImpl.invoke(DelegatingMethodAccessorImpl.java:43)
	at java.base/java.lang.reflect.Method.invoke(Method.java:568)
	at org.junit.runners.model.FrameworkMethod$1.runReflectiveCall(FrameworkMethod.java:50)
	at org.junit.internal.runners.model.ReflectiveCallable.run(ReflectiveCallable.java:12)
	at org.junit.runners.model.FrameworkMethod.invokeExplosively(FrameworkMethod.java:47)
	at org.junit.internal.runners.statements.InvokeMethod.evaluate(InvokeMethod.java:17)
	at org.junit.runners.ParentRunner.runLeaf(ParentRunner.java:325)
	at org.junit.runners.BlockJUnit4ClassRunner.runChild(BlockJUnit4ClassRunner.java:78)
	at org.junit.runners.BlockJUnit4ClassRunner.runChild(BlockJUnit4ClassRunner.java:57)
	at org.junit.runners.ParentRunner$3.run(ParentRunner.java:290)
	at org.junit.runners.ParentRunner$1.schedule(ParentRunner.java:71)
	at org.junit.runners.ParentRunner.runChildren(ParentRunner.java:288)
	at org.junit.runners.ParentRunner.access$000(ParentRunner.java:58)
	at org.junit.runners.ParentRunner$2.evaluate(ParentRunner.java:268)
	at org.junit.internal.runners.statements.RunAfters.evaluate(RunAfters.java:27)
	at org.junit.runners.ParentRunner.run(ParentRunner.java:363)
	at org.gradle.api.internal.tasks.testing.junit.JUnitTestClassExecutor.runTestClass(JUnitTestClassExecutor.java:110)
	at org.gradle.api.internal.tasks.testing.junit.JUnitTestClassExecutor.execute(JUnitTestClassExecutor.java:58)
	at org.gradle.api.internal.tasks.testing.junit.JUnitTestClassExecutor.execute(JUnitTestClassExecutor.java:38)
	at org.gradle.api.internal.tasks.testing.junit.AbstractJUnitTestClassProcessor.processTestClass(AbstractJUnitTestClassProcessor.java:62)
	at org.gradle.api.internal.tasks.testing.SuiteTestClassProcessor.processTestClass(SuiteTestClassProcessor.java:51)
	at java.base/jdk.internal.reflect.NativeMethodAccessorImpl.invoke0(Native Method)
	at java.base/jdk.internal.reflect.NativeMethodAccessorImpl.invoke(NativeMethodAccessorImpl.java:77)
	at java.base/jdk.internal.reflect.DelegatingMethodAccessorImpl.invoke(DelegatingMethodAccessorImpl.java:43)
	at java.base/java.lang.reflect.Method.invoke(Method.java:568)
	at org.gradle.internal.dispatch.ReflectionDispatch.dispatch(ReflectionDispatch.java:36)
	at org.gradle.internal.dispatch.ReflectionDispatch.dispatch(ReflectionDispatch.java:24)
	at org.gradle.internal.dispatch.ContextClassLoaderDispatch.dispatch(ContextClassLoaderDispatch.java:33)
	at org.gradle.internal.dispatch.ProxyDispatchAdapter$DispatchingInvocationHandler.invoke(ProxyDispatchAdapter.java:94)
	at jdk.proxy1/jdk.proxy1.$Proxy2.processTestClass(Unknown Source)
	at org.gradle.api.internal.tasks.testing.worker.TestWorker$2.run(TestWorker.java:176)
	at org.gradle.api.internal.tasks.testing.worker.TestWorker.executeAndMaintainThreadName(TestWorker.java:129)
	at org.gradle.api.internal.tasks.testing.worker.TestWorker.execute(TestWorker.java:100)
	at org.gradle.api.internal.tasks.testing.worker.TestWorker.execute(TestWorker.java:60)
	at org.gradle.process.internal.worker.child.ActionExecutionWorker.execute(ActionExecutionWorker.java:56)
	at org.gradle.process.internal.worker.child.SystemApplicationClassLoaderWorker.call(SystemApplicationClassLoaderWorker.java:133)
	at org.gradle.process.internal.worker.child.SystemApplicationClassLoaderWorker.call(SystemApplicationClassLoaderWorker.java:71)
	at worker.org.gradle.process.internal.worker.GradleWorkerMain.run(GradleWorkerMain.java:69)
	at worker.org.gradle.process.internal.worker.GradleWorkerMain.main(GradleWorkerMain.java:74)
</failure>
  </testcase>
  <system-out><![CDATA[?[1;31m
Start test 1?[0m
Server started!
Client started!
Sent: {"type":"exit"}
Received: null
?[1;31m
Start test 2?[0m
?[1;31m
Start test 3?[0m
Server started!
Client started!
Sent: {"type":"get","key":"1"}
Received: {"response":"ERROR","reason":"No such key"}
Client started!
Sent: {"type":"set","key":"1","value":"Hello world!"}
Received: {"response":"OK"}
Client started!
Sent: {"type":"set","key":"1","value":"HelloWorld!"}
Received: {"response":"OK"}
Client started!
Sent: {"type":"get","key":"1"}
Received: {"response":"OK","value":"HelloWorld!"}
Client started!
Sent: {"type":"delete","key":"1"}
Received: {"response":"OK"}
Client started!
Sent: {"type":"delete","key":"1"}
Received: {"response":"ERROR","reason":"No such key"}
Client started!
Sent: {"type":"get","key":"1"}
Received: {"response":"ERROR","reason":"No such key"}
Client started!
Sent: {"type":"set","key":"text","value":"Some text here"}
Received: {"response":"OK"}
Client started!
Sent: {"type":"get","key":"text"}
Received: {"response":"OK","value":"Some text here"}
Client started!
Sent: {"type":"get","key":"56"}
Received: {"response":"ERROR","reason":"No such key"}
Client started!
Sent: {"type":"delete","key":"56"}
Received: {"response":"ERROR","reason":"No such key"}
Client started!
Sent: {"type":"delete","key":"100"}
Received: {"response":"ERROR","reason":"No such key"}
Client started!
Sent: {"type":"delete","key":"That key doesn\u0027t exist"}
Received: {"response":"ERROR","reason":"No such key"}
Client started!
F:\JSON Database\JSON Database\task\.\src\client\data\testSet.json
true
Sent: {"type":"set","key":"name","value":"Kate"}
Received: {"response":"OK"}
Client started!
F:\JSON Database\JSON Database\task\.\src\client\data\testGet.json
true
Sent: {"type":"get","key":"name"}
Received: {"response":"OK","value":"Kate"}
Client started!
F:\JSON Database\JSON Database\task\.\src\client\data\testDelete.json
true
Sent: {"type":"delete","key":"name"}
Received: {"response":"OK"}
Client started!
F:\JSON Database\JSON Database\task\.\src\client\data\testGet.json
true
Sent: {"type":"get","key":"name"}
Received: {"response":"ERROR","reason":"No such key"}
]]></system-out>
  <system-err><![CDATA[java.io.EOFException
	at java.base/java.io.DataInputStream.readUnsignedShort(DataInputStream.java:346)
	at java.base/java.io.DataInputStream.readUTF(DataInputStream.java:595)
	at java.base/java.io.DataInputStream.readUTF(DataInputStream.java:570)
	at client.Client.readData(Client.java:40)
	at client.Main.main(Main.java:47)
	at java.base/jdk.internal.reflect.NativeMethodAccessorImpl.invoke0(Native Method)
	at java.base/jdk.internal.reflect.NativeMethodAccessorImpl.invoke(NativeMethodAccessorImpl.java:77)
	at java.base/jdk.internal.reflect.DelegatingMethodAccessorImpl.invoke(DelegatingMethodAccessorImpl.java:43)
	at java.base/java.lang.reflect.Method.invoke(Method.java:568)
	at org.hyperskill.hstest.testing.execution.MainMethodExecutor.invokeMain(MainMethodExecutor.java:172)
	at org.hyperskill.hstest.testing.execution.MainMethodExecutor.lambda$launch$0(MainMethodExecutor.java:199)
	at java.base/java.util.concurrent.Executors$RunnableAdapter.call(Executors.java:539)
	at java.base/java.util.concurrent.FutureTask.run(FutureTask.java:264)
	at java.base/java.util.concurrent.ThreadPoolExecutor.runWorker(ThreadPoolExecutor.java:1136)
	at java.base/java.util.concurrent.ThreadPoolExecutor$Worker.run(ThreadPoolExecutor.java:635)
	at java.base/java.lang.Thread.run(Thread.java:833)
java.io.IOException: The system cannot find the path specified
	at java.base/java.io.WinNTFileSystem.createFileExclusively(Native Method)
	at java.base/java.io.File.createNewFile(File.java:1043)
	at server.Server.updateDB(Server.java:136)
	at server.Server.setData(Server.java:88)
	at server.Main.main(Main.java:31)
	at java.base/jdk.internal.reflect.NativeMethodAccessorImpl.invoke0(Native Method)
	at java.base/jdk.internal.reflect.NativeMethodAccessorImpl.invoke(NativeMethodAccessorImpl.java:77)
	at java.base/jdk.internal.reflect.DelegatingMethodAccessorImpl.invoke(DelegatingMethodAccessorImpl.java:43)
	at java.base/java.lang.reflect.Method.invoke(Method.java:568)
	at org.hyperskill.hstest.testing.execution.MainMethodExecutor.invokeMain(MainMethodExecutor.java:172)
	at org.hyperskill.hstest.testing.execution.MainMethodExecutor.lambda$launch$0(MainMethodExecutor.java:199)
	at java.base/java.util.concurrent.Executors$RunnableAdapter.call(Executors.java:539)
	at java.base/java.util.concurrent.FutureTask.run(FutureTask.java:264)
	at java.base/java.util.concurrent.ThreadPoolExecutor.runWorker(ThreadPoolExecutor.java:1136)
	at java.base/java.util.concurrent.ThreadPoolExecutor$Worker.run(ThreadPoolExecutor.java:635)
	at java.base/java.lang.Thread.run(Thread.java:833)
java.io.FileNotFoundException: .\JSON Database\task\src\server\data\db.json (The system cannot find the path specified)
	at java.base/java.io.FileOutputStream.open0(Native Method)
	at java.base/java.io.FileOutputStream.open(FileOutputStream.java:293)
	at java.base/java.io.FileOutputStream.<init>(FileOutputStream.java:235)
	at java.base/java.io.FileOutputStream.<init>(FileOutputStream.java:184)
	at server.Server.updateDB(Server.java:142)
	at server.Server.setData(Server.java:88)
	at server.Main.main(Main.java:31)
	at java.base/jdk.internal.reflect.NativeMethodAccessorImpl.invoke0(Native Method)
	at java.base/jdk.internal.reflect.NativeMethodAccessorImpl.invoke(NativeMethodAccessorImpl.java:77)
	at java.base/jdk.internal.reflect.DelegatingMethodAccessorImpl.invoke(DelegatingMethodAccessorImpl.java:43)
	at java.base/java.lang.reflect.Method.invoke(Method.java:568)
	at org.hyperskill.hstest.testing.execution.MainMethodExecutor.invokeMain(MainMethodExecutor.java:172)
	at org.hyperskill.hstest.testing.execution.MainMethodExecutor.lambda$launch$0(MainMethodExecutor.java:199)
	at java.base/java.util.concurrent.Executors$RunnableAdapter.call(Executors.java:539)
	at java.base/java.util.concurrent.FutureTask.run(FutureTask.java:264)
	at java.base/java.util.concurrent.ThreadPoolExecutor.runWorker(ThreadPoolExecutor.java:1136)
	at java.base/java.util.concurrent.ThreadPoolExecutor$Worker.run(ThreadPoolExecutor.java:635)
	at java.base/java.lang.Thread.run(Thread.java:833)
java.io.IOException: The system cannot find the path specified
	at java.base/java.io.WinNTFileSystem.createFileExclusively(Native Method)
	at java.base/java.io.File.createNewFile(File.java:1043)
	at server.Server.updateDB(Server.java:136)
	at server.Server.setData(Server.java:88)
	at server.Main.main(Main.java:31)
	at java.base/jdk.internal.reflect.NativeMethodAccessorImpl.invoke0(Native Method)
	at java.base/jdk.internal.reflect.NativeMethodAccessorImpl.invoke(NativeMethodAccessorImpl.java:77)
	at java.base/jdk.internal.reflect.DelegatingMethodAccessorImpl.invoke(DelegatingMethodAccessorImpl.java:43)
	at java.base/java.lang.reflect.Method.invoke(Method.java:568)
	at org.hyperskill.hstest.testing.execution.MainMethodExecutor.invokeMain(MainMethodExecutor.java:172)
	at org.hyperskill.hstest.testing.execution.MainMethodExecutor.lambda$launch$0(MainMethodExecutor.java:199)
	at java.base/java.util.concurrent.Executors$RunnableAdapter.call(Executors.java:539)
	at java.base/java.util.concurrent.FutureTask.run(FutureTask.java:264)
	at java.base/java.util.concurrent.ThreadPoolExecutor.runWorker(ThreadPoolExecutor.java:1136)
	at java.base/java.util.concurrent.ThreadPoolExecutor$Worker.run(ThreadPoolExecutor.java:635)
	at java.base/java.lang.Thread.run(Thread.java:833)
java.io.FileNotFoundException: .\JSON Database\task\src\server\data\db.json (The system cannot find the path specified)
	at java.base/java.io.FileOutputStream.open0(Native Method)
	at java.base/java.io.FileOutputStream.open(FileOutputStream.java:293)
	at java.base/java.io.FileOutputStream.<init>(FileOutputStream.java:235)
	at java.base/java.io.FileOutputStream.<init>(FileOutputStream.java:184)
	at server.Server.updateDB(Server.java:142)
	at server.Server.setData(Server.java:88)
	at server.Main.main(Main.java:31)
	at java.base/jdk.internal.reflect.NativeMethodAccessorImpl.invoke0(Native Method)
	at java.base/jdk.internal.reflect.NativeMethodAccessorImpl.invoke(NativeMethodAccessorImpl.java:77)
	at java.base/jdk.internal.reflect.DelegatingMethodAccessorImpl.invoke(DelegatingMethodAccessorImpl.java:43)
	at java.base/java.lang.reflect.Method.invoke(Method.java:568)
	at org.hyperskill.hstest.testing.execution.MainMethodExecutor.invokeMain(MainMethodExecutor.java:172)
	at org.hyperskill.hstest.testing.execution.MainMethodExecutor.lambda$launch$0(MainMethodExecutor.java:199)
	at java.base/java.util.concurrent.Executors$RunnableAdapter.call(Executors.java:539)
	at java.base/java.util.concurrent.FutureTask.run(FutureTask.java:264)
	at java.base/java.util.concurrent.ThreadPoolExecutor.runWorker(ThreadPoolExecutor.java:1136)
	at java.base/java.util.concurrent.ThreadPoolExecutor$Worker.run(ThreadPoolExecutor.java:635)
	at java.base/java.lang.Thread.run(Thread.java:833)
java.io.IOException: The system cannot find the path specified
	at java.base/java.io.WinNTFileSystem.createFileExclusively(Native Method)
	at java.base/java.io.File.createNewFile(File.java:1043)
	at server.Server.updateDB(Server.java:136)
	at server.Server.deleteData(Server.java:110)
	at server.Main.main(Main.java:34)
	at java.base/jdk.internal.reflect.NativeMethodAccessorImpl.invoke0(Native Method)
	at java.base/jdk.internal.reflect.NativeMethodAccessorImpl.invoke(NativeMethodAccessorImpl.java:77)
	at java.base/jdk.internal.reflect.DelegatingMethodAccessorImpl.invoke(DelegatingMethodAccessorImpl.java:43)
	at java.base/java.lang.reflect.Method.invoke(Method.java:568)
	at org.hyperskill.hstest.testing.execution.MainMethodExecutor.invokeMain(MainMethodExecutor.java:172)
	at org.hyperskill.hstest.testing.execution.MainMethodExecutor.lambda$launch$0(MainMethodExecutor.java:199)
	at java.base/java.util.concurrent.Executors$RunnableAdapter.call(Executors.java:539)
	at java.base/java.util.concurrent.FutureTask.run(FutureTask.java:264)
	at java.base/java.util.concurrent.ThreadPoolExecutor.runWorker(ThreadPoolExecutor.java:1136)
	at java.base/java.util.concurrent.ThreadPoolExecutor$Worker.run(ThreadPoolExecutor.java:635)
	at java.base/java.lang.Thread.run(Thread.java:833)
java.io.FileNotFoundException: .\JSON Database\task\src\server\data\db.json (The system cannot find the path specified)
	at java.base/java.io.FileOutputStream.open0(Native Method)
	at java.base/java.io.FileOutputStream.open(FileOutputStream.java:293)
	at java.base/java.io.FileOutputStream.<init>(FileOutputStream.java:235)
	at java.base/java.io.FileOutputStream.<init>(FileOutputStream.java:184)
	at server.Server.updateDB(Server.java:142)
	at server.Server.deleteData(Server.java:110)
	at server.Main.main(Main.java:34)
	at java.base/jdk.internal.reflect.NativeMethodAccessorImpl.invoke0(Native Method)
	at java.base/jdk.internal.reflect.NativeMethodAccessorImpl.invoke(NativeMethodAccessorImpl.java:77)
	at java.base/jdk.internal.reflect.DelegatingMethodAccessorImpl.invoke(DelegatingMethodAccessorImpl.java:43)
	at java.base/java.lang.reflect.Method.invoke(Method.java:568)
	at org.hyperskill.hstest.testing.execution.MainMethodExecutor.invokeMain(MainMethodExecutor.java:172)
	at org.hyperskill.hstest.testing.execution.MainMethodExecutor.lambda$launch$0(MainMethodExecutor.java:199)
	at java.base/java.util.concurrent.Executors$RunnableAdapter.call(Executors.java:539)
	at java.base/java.util.concurrent.FutureTask.run(FutureTask.java:264)
	at java.base/java.util.concurrent.ThreadPoolExecutor.runWorker(ThreadPoolExecutor.java:1136)
	at java.base/java.util.concurrent.ThreadPoolExecutor$Worker.run(ThreadPoolExecutor.java:635)
	at java.base/java.lang.Thread.run(Thread.java:833)
java.io.IOException: The system cannot find the path specified
	at java.base/java.io.WinNTFileSystem.createFileExclusively(Native Method)
	at java.base/java.io.File.createNewFile(File.java:1043)
	at server.Server.updateDB(Server.java:136)
	at server.Server.deleteData(Server.java:110)
	at server.Main.main(Main.java:34)
	at java.base/jdk.internal.reflect.NativeMethodAccessorImpl.invoke0(Native Method)
	at java.base/jdk.internal.reflect.NativeMethodAccessorImpl.invoke(NativeMethodAccessorImpl.java:77)
	at java.base/jdk.internal.reflect.DelegatingMethodAccessorImpl.invoke(DelegatingMethodAccessorImpl.java:43)
	at java.base/java.lang.reflect.Method.invoke(Method.java:568)
	at org.hyperskill.hstest.testing.execution.MainMethodExecutor.invokeMain(MainMethodExecutor.java:172)
	at org.hyperskill.hstest.testing.execution.MainMethodExecutor.lambda$launch$0(MainMethodExecutor.java:199)
	at java.base/java.util.concurrent.Executors$RunnableAdapter.call(Executors.java:539)
	at java.base/java.util.concurrent.FutureTask.run(FutureTask.java:264)
	at java.base/java.util.concurrent.ThreadPoolExecutor.runWorker(ThreadPoolExecutor.java:1136)
	at java.base/java.util.concurrent.ThreadPoolExecutor$Worker.run(ThreadPoolExecutor.java:635)
	at java.base/java.lang.Thread.run(Thread.java:833)
java.io.FileNotFoundException: .\JSON Database\task\src\server\data\db.json (The system cannot find the path specified)
	at java.base/java.io.FileOutputStream.open0(Native Method)
	at java.base/java.io.FileOutputStream.open(FileOutputStream.java:293)
	at java.base/java.io.FileOutputStream.<init>(FileOutputStream.java:235)
	at java.base/java.io.FileOutputStream.<init>(FileOutputStream.java:184)
	at server.Server.updateDB(Server.java:142)
	at server.Server.deleteData(Server.java:110)
	at server.Main.main(Main.java:34)
	at java.base/jdk.internal.reflect.NativeMethodAccessorImpl.invoke0(Native Method)
	at java.base/jdk.internal.reflect.NativeMethodAccessorImpl.invoke(NativeMethodAccessorImpl.java:77)
	at java.base/jdk.internal.reflect.DelegatingMethodAccessorImpl.invoke(DelegatingMethodAccessorImpl.java:43)
	at java.base/java.lang.reflect.Method.invoke(Method.java:568)
	at org.hyperskill.hstest.testing.execution.MainMethodExecutor.invokeMain(MainMethodExecutor.java:172)
	at org.hyperskill.hstest.testing.execution.MainMethodExecutor.lambda$launch$0(MainMethodExecutor.java:199)
	at java.base/java.util.concurrent.Executors$RunnableAdapter.call(Executors.java:539)
	at java.base/java.util.concurrent.FutureTask.run(FutureTask.java:264)
	at java.base/java.util.concurrent.ThreadPoolExecutor.runWorker(ThreadPoolExecutor.java:1136)
	at java.base/java.util.concurrent.ThreadPoolExecutor$Worker.run(ThreadPoolExecutor.java:635)
	at java.base/java.lang.Thread.run(Thread.java:833)
java.io.IOException: The system cannot find the path specified
	at java.base/java.io.WinNTFileSystem.createFileExclusively(Native Method)
	at java.base/java.io.File.createNewFile(File.java:1043)
	at server.Server.updateDB(Server.java:136)
	at server.Server.setData(Server.java:88)
	at server.Main.main(Main.java:31)
	at java.base/jdk.internal.reflect.NativeMethodAccessorImpl.invoke0(Native Method)
	at java.base/jdk.internal.reflect.NativeMethodAccessorImpl.invoke(NativeMethodAccessorImpl.java:77)
	at java.base/jdk.internal.reflect.DelegatingMethodAccessorImpl.invoke(DelegatingMethodAccessorImpl.java:43)
	at java.base/java.lang.reflect.Method.invoke(Method.java:568)
	at org.hyperskill.hstest.testing.execution.MainMethodExecutor.invokeMain(MainMethodExecutor.java:172)
	at org.hyperskill.hstest.testing.execution.MainMethodExecutor.lambda$launch$0(MainMethodExecutor.java:199)
	at java.base/java.util.concurrent.Executors$RunnableAdapter.call(Executors.java:539)
	at java.base/java.util.concurrent.FutureTask.run(FutureTask.java:264)
	at java.base/java.util.concurrent.ThreadPoolExecutor.runWorker(ThreadPoolExecutor.java:1136)
	at java.base/java.util.concurrent.ThreadPoolExecutor$Worker.run(ThreadPoolExecutor.java:635)
	at java.base/java.lang.Thread.run(Thread.java:833)
java.io.FileNotFoundException: .\JSON Database\task\src\server\data\db.json (The system cannot find the path specified)
	at java.base/java.io.FileOutputStream.open0(Native Method)
	at java.base/java.io.FileOutputStream.open(FileOutputStream.java:293)
	at java.base/java.io.FileOutputStream.<init>(FileOutputStream.java:235)
	at java.base/java.io.FileOutputStream.<init>(FileOutputStream.java:184)
	at server.Server.updateDB(Server.java:142)
	at server.Server.setData(Server.java:88)
	at server.Main.main(Main.java:31)
	at java.base/jdk.internal.reflect.NativeMethodAccessorImpl.invoke0(Native Method)
	at java.base/jdk.internal.reflect.NativeMethodAccessorImpl.invoke(NativeMethodAccessorImpl.java:77)
	at java.base/jdk.internal.reflect.DelegatingMethodAccessorImpl.invoke(DelegatingMethodAccessorImpl.java:43)
	at java.base/java.lang.reflect.Method.invoke(Method.java:568)
	at org.hyperskill.hstest.testing.execution.MainMethodExecutor.invokeMain(MainMethodExecutor.java:172)
	at org.hyperskill.hstest.testing.execution.MainMethodExecutor.lambda$launch$0(MainMethodExecutor.java:199)
	at java.base/java.util.concurrent.Executors$RunnableAdapter.call(Executors.java:539)
	at java.base/java.util.concurrent.FutureTask.run(FutureTask.java:264)
	at java.base/java.util.concurrent.ThreadPoolExecutor.runWorker(ThreadPoolExecutor.java:1136)
	at java.base/java.util.concurrent.ThreadPoolExecutor$Worker.run(ThreadPoolExecutor.java:635)
	at java.base/java.lang.Thread.run(Thread.java:833)
java.io.IOException: The system cannot find the path specified
	at java.base/java.io.WinNTFileSystem.createFileExclusively(Native Method)
	at java.base/java.io.File.createNewFile(File.java:1043)
	at server.Server.updateDB(Server.java:136)
	at server.Server.deleteData(Server.java:110)
	at server.Main.main(Main.java:34)
	at java.base/jdk.internal.reflect.NativeMethodAccessorImpl.invoke0(Native Method)
	at java.base/jdk.internal.reflect.NativeMethodAccessorImpl.invoke(NativeMethodAccessorImpl.java:77)
	at java.base/jdk.internal.reflect.DelegatingMethodAccessorImpl.invoke(DelegatingMethodAccessorImpl.java:43)
	at java.base/java.lang.reflect.Method.invoke(Method.java:568)
	at org.hyperskill.hstest.testing.execution.MainMethodExecutor.invokeMain(MainMethodExecutor.java:172)
	at org.hyperskill.hstest.testing.execution.MainMethodExecutor.lambda$launch$0(MainMethodExecutor.java:199)
	at java.base/java.util.concurrent.Executors$RunnableAdapter.call(Executors.java:539)
	at java.base/java.util.concurrent.FutureTask.run(FutureTask.java:264)
	at java.base/java.util.concurrent.ThreadPoolExecutor.runWorker(ThreadPoolExecutor.java:1136)
	at java.base/java.util.concurrent.ThreadPoolExecutor$Worker.run(ThreadPoolExecutor.java:635)
	at java.base/java.lang.Thread.run(Thread.java:833)
java.io.FileNotFoundException: .\JSON Database\task\src\server\data\db.json (The system cannot find the path specified)
	at java.base/java.io.FileOutputStream.open0(Native Method)
	at java.base/java.io.FileOutputStream.open(FileOutputStream.java:293)
	at java.base/java.io.FileOutputStream.<init>(FileOutputStream.java:235)
	at java.base/java.io.FileOutputStream.<init>(FileOutputStream.java:184)
	at server.Server.updateDB(Server.java:142)
	at server.Server.deleteData(Server.java:110)
	at server.Main.main(Main.java:34)
	at java.base/jdk.internal.reflect.NativeMethodAccessorImpl.invoke0(Native Method)
	at java.base/jdk.internal.reflect.NativeMethodAccessorImpl.invoke(NativeMethodAccessorImpl.java:77)
	at java.base/jdk.internal.reflect.DelegatingMethodAccessorImpl.invoke(DelegatingMethodAccessorImpl.java:43)
	at java.base/java.lang.reflect.Method.invoke(Method.java:568)
	at org.hyperskill.hstest.testing.execution.MainMethodExecutor.invokeMain(MainMethodExecutor.java:172)
	at org.hyperskill.hstest.testing.execution.MainMethodExecutor.lambda$launch$0(MainMethodExecutor.java:199)
	at java.base/java.util.concurrent.Executors$RunnableAdapter.call(Executors.java:539)
	at java.base/java.util.concurrent.FutureTask.run(FutureTask.java:264)
	at java.base/java.util.concurrent.ThreadPoolExecutor.runWorker(ThreadPoolExecutor.java:1136)
	at java.base/java.util.concurrent.ThreadPoolExecutor$Worker.run(ThreadPoolExecutor.java:635)
	at java.base/java.lang.Thread.run(Thread.java:833)
java.io.IOException: The system cannot find the path specified
	at java.base/java.io.WinNTFileSystem.createFileExclusively(Native Method)
	at java.base/java.io.File.createNewFile(File.java:1043)
	at server.Server.updateDB(Server.java:136)
	at server.Server.deleteData(Server.java:110)
	at server.Main.main(Main.java:34)
	at java.base/jdk.internal.reflect.NativeMethodAccessorImpl.invoke0(Native Method)
	at java.base/jdk.internal.reflect.NativeMethodAccessorImpl.invoke(NativeMethodAccessorImpl.java:77)
	at java.base/jdk.internal.reflect.DelegatingMethodAccessorImpl.invoke(DelegatingMethodAccessorImpl.java:43)
	at java.base/java.lang.reflect.Method.invoke(Method.java:568)
	at org.hyperskill.hstest.testing.execution.MainMethodExecutor.invokeMain(MainMethodExecutor.java:172)
	at org.hyperskill.hstest.testing.execution.MainMethodExecutor.lambda$launch$0(MainMethodExecutor.java:199)
	at java.base/java.util.concurrent.Executors$RunnableAdapter.call(Executors.java:539)
	at java.base/java.util.concurrent.FutureTask.run(FutureTask.java:264)
	at java.base/java.util.concurrent.ThreadPoolExecutor.runWorker(ThreadPoolExecutor.java:1136)
	at java.base/java.util.concurrent.ThreadPoolExecutor$Worker.run(ThreadPoolExecutor.java:635)
	at java.base/java.lang.Thread.run(Thread.java:833)
java.io.FileNotFoundException: .\JSON Database\task\src\server\data\db.json (The system cannot find the path specified)
	at java.base/java.io.FileOutputStream.open0(Native Method)
	at java.base/java.io.FileOutputStream.open(FileOutputStream.java:293)
	at java.base/java.io.FileOutputStream.<init>(FileOutputStream.java:235)
	at java.base/java.io.FileOutputStream.<init>(FileOutputStream.java:184)
	at server.Server.updateDB(Server.java:142)
	at server.Server.deleteData(Server.java:110)
	at server.Main.main(Main.java:34)
	at java.base/jdk.internal.reflect.NativeMethodAccessorImpl.invoke0(Native Method)
	at java.base/jdk.internal.reflect.NativeMethodAccessorImpl.invoke(NativeMethodAccessorImpl.java:77)
	at java.base/jdk.internal.reflect.DelegatingMethodAccessorImpl.invoke(DelegatingMethodAccessorImpl.java:43)
	at java.base/java.lang.reflect.Method.invoke(Method.java:568)
	at org.hyperskill.hstest.testing.execution.MainMethodExecutor.invokeMain(MainMethodExecutor.java:172)
	at org.hyperskill.hstest.testing.execution.MainMethodExecutor.lambda$launch$0(MainMethodExecutor.java:199)
	at java.base/java.util.concurrent.Executors$RunnableAdapter.call(Executors.java:539)
	at java.base/java.util.concurrent.FutureTask.run(FutureTask.java:264)
	at java.base/java.util.concurrent.ThreadPoolExecutor.runWorker(ThreadPoolExecutor.java:1136)
	at java.base/java.util.concurrent.ThreadPoolExecutor$Worker.run(ThreadPoolExecutor.java:635)
	at java.base/java.lang.Thread.run(Thread.java:833)
java.io.IOException: The system cannot find the path specified
	at java.base/java.io.WinNTFileSystem.createFileExclusively(Native Method)
	at java.base/java.io.File.createNewFile(File.java:1043)
	at server.Server.updateDB(Server.java:136)
	at server.Server.deleteData(Server.java:110)
	at server.Main.main(Main.java:34)
	at java.base/jdk.internal.reflect.NativeMethodAccessorImpl.invoke0(Native Method)
	at java.base/jdk.internal.reflect.NativeMethodAccessorImpl.invoke(NativeMethodAccessorImpl.java:77)
	at java.base/jdk.internal.reflect.DelegatingMethodAccessorImpl.invoke(DelegatingMethodAccessorImpl.java:43)
	at java.base/java.lang.reflect.Method.invoke(Method.java:568)
	at org.hyperskill.hstest.testing.execution.MainMethodExecutor.invokeMain(MainMethodExecutor.java:172)
	at org.hyperskill.hstest.testing.execution.MainMethodExecutor.lambda$launch$0(MainMethodExecutor.java:199)
	at java.base/java.util.concurrent.Executors$RunnableAdapter.call(Executors.java:539)
	at java.base/java.util.concurrent.FutureTask.run(FutureTask.java:264)
	at java.base/java.util.concurrent.ThreadPoolExecutor.runWorker(ThreadPoolExecutor.java:1136)
	at java.base/java.util.concurrent.ThreadPoolExecutor$Worker.run(ThreadPoolExecutor.java:635)
	at java.base/java.lang.Thread.run(Thread.java:833)
java.io.FileNotFoundException: .\JSON Database\task\src\server\data\db.json (The system cannot find the path specified)
	at java.base/java.io.FileOutputStream.open0(Native Method)
	at java.base/java.io.FileOutputStream.open(FileOutputStream.java:293)
	at java.base/java.io.FileOutputStream.<init>(FileOutputStream.java:235)
	at java.base/java.io.FileOutputStream.<init>(FileOutputStream.java:184)
	at server.Server.updateDB(Server.java:142)
	at server.Server.deleteData(Server.java:110)
	at server.Main.main(Main.java:34)
	at java.base/jdk.internal.reflect.NativeMethodAccessorImpl.invoke0(Native Method)
	at java.base/jdk.internal.reflect.NativeMethodAccessorImpl.invoke(NativeMethodAccessorImpl.java:77)
	at java.base/jdk.internal.reflect.DelegatingMethodAccessorImpl.invoke(DelegatingMethodAccessorImpl.java:43)
	at java.base/java.lang.reflect.Method.invoke(Method.java:568)
	at org.hyperskill.hstest.testing.execution.MainMethodExecutor.invokeMain(MainMethodExecutor.java:172)
	at org.hyperskill.hstest.testing.execution.MainMethodExecutor.lambda$launch$0(MainMethodExecutor.java:199)
	at java.base/java.util.concurrent.Executors$RunnableAdapter.call(Executors.java:539)
	at java.base/java.util.concurrent.FutureTask.run(FutureTask.java:264)
	at java.base/java.util.concurrent.ThreadPoolExecutor.runWorker(ThreadPoolExecutor.java:1136)
	at java.base/java.util.concurrent.ThreadPoolExecutor$Worker.run(ThreadPoolExecutor.java:635)
	at java.base/java.lang.Thread.run(Thread.java:833)
java.io.IOException: The system cannot find the path specified
	at java.base/java.io.WinNTFileSystem.createFileExclusively(Native Method)
	at java.base/java.io.File.createNewFile(File.java:1043)
	at server.Server.updateDB(Server.java:136)
	at server.Server.setData(Server.java:88)
	at server.Main.main(Main.java:31)
	at java.base/jdk.internal.reflect.NativeMethodAccessorImpl.invoke0(Native Method)
	at java.base/jdk.internal.reflect.NativeMethodAccessorImpl.invoke(NativeMethodAccessorImpl.java:77)
	at java.base/jdk.internal.reflect.DelegatingMethodAccessorImpl.invoke(DelegatingMethodAccessorImpl.java:43)
	at java.base/java.lang.reflect.Method.invoke(Method.java:568)
	at org.hyperskill.hstest.testing.execution.MainMethodExecutor.invokeMain(MainMethodExecutor.java:172)
	at org.hyperskill.hstest.testing.execution.MainMethodExecutor.lambda$launch$0(MainMethodExecutor.java:199)
	at java.base/java.util.concurrent.Executors$RunnableAdapter.call(Executors.java:539)
	at java.base/java.util.concurrent.FutureTask.run(FutureTask.java:264)
	at java.base/java.util.concurrent.ThreadPoolExecutor.runWorker(ThreadPoolExecutor.java:1136)
	at java.base/java.util.concurrent.ThreadPoolExecutor$Worker.run(ThreadPoolExecutor.java:635)
	at java.base/java.lang.Thread.run(Thread.java:833)
java.io.FileNotFoundException: .\JSON Database\task\src\server\data\db.json (The system cannot find the path specified)
	at java.base/java.io.FileOutputStream.open0(Native Method)
	at java.base/java.io.FileOutputStream.open(FileOutputStream.java:293)
	at java.base/java.io.FileOutputStream.<init>(FileOutputStream.java:235)
	at java.base/java.io.FileOutputStream.<init>(FileOutputStream.java:184)
	at server.Server.updateDB(Server.java:142)
	at server.Server.setData(Server.java:88)
	at server.Main.main(Main.java:31)
	at java.base/jdk.internal.reflect.NativeMethodAccessorImpl.invoke0(Native Method)
	at java.base/jdk.internal.reflect.NativeMethodAccessorImpl.invoke(NativeMethodAccessorImpl.java:77)
	at java.base/jdk.internal.reflect.DelegatingMethodAccessorImpl.invoke(DelegatingMethodAccessorImpl.java:43)
	at java.base/java.lang.reflect.Method.invoke(Method.java:568)
	at org.hyperskill.hstest.testing.execution.MainMethodExecutor.invokeMain(MainMethodExecutor.java:172)
	at org.hyperskill.hstest.testing.execution.MainMethodExecutor.lambda$launch$0(MainMethodExecutor.java:199)
	at java.base/java.util.concurrent.Executors$RunnableAdapter.call(Executors.java:539)
	at java.base/java.util.concurrent.FutureTask.run(FutureTask.java:264)
	at java.base/java.util.concurrent.ThreadPoolExecutor.runWorker(ThreadPoolExecutor.java:1136)
	at java.base/java.util.concurrent.ThreadPoolExecutor$Worker.run(ThreadPoolExecutor.java:635)
	at java.base/java.lang.Thread.run(Thread.java:833)
java.io.IOException: The system cannot find the path specified
	at java.base/java.io.WinNTFileSystem.createFileExclusively(Native Method)
	at java.base/java.io.File.createNewFile(File.java:1043)
	at server.Server.updateDB(Server.java:136)
	at server.Server.deleteData(Server.java:110)
	at server.Main.main(Main.java:34)
	at java.base/jdk.internal.reflect.NativeMethodAccessorImpl.invoke0(Native Method)
	at java.base/jdk.internal.reflect.NativeMethodAccessorImpl.invoke(NativeMethodAccessorImpl.java:77)
	at java.base/jdk.internal.reflect.DelegatingMethodAccessorImpl.invoke(DelegatingMethodAccessorImpl.java:43)
	at java.base/java.lang.reflect.Method.invoke(Method.java:568)
	at org.hyperskill.hstest.testing.execution.MainMethodExecutor.invokeMain(MainMethodExecutor.java:172)
	at org.hyperskill.hstest.testing.execution.MainMethodExecutor.lambda$launch$0(MainMethodExecutor.java:199)
	at java.base/java.util.concurrent.Executors$RunnableAdapter.call(Executors.java:539)
	at java.base/java.util.concurrent.FutureTask.run(FutureTask.java:264)
	at java.base/java.util.concurrent.ThreadPoolExecutor.runWorker(ThreadPoolExecutor.java:1136)
	at java.base/java.util.concurrent.ThreadPoolExecutor$Worker.run(ThreadPoolExecutor.java:635)
	at java.base/java.lang.Thread.run(Thread.java:833)
java.io.FileNotFoundException: .\JSON Database\task\src\server\data\db.json (The system cannot find the path specified)
	at java.base/java.io.FileOutputStream.open0(Native Method)
	at java.base/java.io.FileOutputStream.open(FileOutputStream.java:293)
	at java.base/java.io.FileOutputStream.<init>(FileOutputStream.java:235)
	at java.base/java.io.FileOutputStream.<init>(FileOutputStream.java:184)
	at server.Server.updateDB(Server.java:142)
	at server.Server.deleteData(Server.java:110)
	at server.Main.main(Main.java:34)
	at java.base/jdk.internal.reflect.NativeMethodAccessorImpl.invoke0(Native Method)
	at java.base/jdk.internal.reflect.NativeMethodAccessorImpl.invoke(NativeMethodAccessorImpl.java:77)
	at java.base/jdk.internal.reflect.DelegatingMethodAccessorImpl.invoke(DelegatingMethodAccessorImpl.java:43)
	at java.base/java.lang.reflect.Method.invoke(Method.java:568)
	at org.hyperskill.hstest.testing.execution.MainMethodExecutor.invokeMain(MainMethodExecutor.java:172)
	at org.hyperskill.hstest.testing.execution.MainMethodExecutor.lambda$launch$0(MainMethodExecutor.java:199)
	at java.base/java.util.concurrent.Executors$RunnableAdapter.call(Executors.java:539)
	at java.base/java.util.concurrent.FutureTask.run(FutureTask.java:264)
	at java.base/java.util.concurrent.ThreadPoolExecutor.runWorker(ThreadPoolExecutor.java:1136)
	at java.base/java.util.concurrent.ThreadPoolExecutor$Worker.run(ThreadPoolExecutor.java:635)
	at java.base/java.lang.Thread.run(Thread.java:833)
]]></system-err>
</testsuite>
