<?xml version="1.0" encoding="UTF-8"?>
<testsuite name="JsonDatabaseTest" tests="1" skipped="0" failures="0" errors="0" timestamp="2022-05-15T16:19:52" hostname="PC-PC" time="0.212">
  <properties/>
  <testcase name="start" classname="JsonDatabaseTest" time="0.212"/>
  <system-out><![CDATA[?[1;31m
Start test 1?[0m
Server started!
Client started!
Sent: null
Received: Give me a record # 12
Sent: A record # 12 was sent!
Received: A record # 12 was sent!
]]></system-out>
  <system-err><![CDATA[]]></system-err>
</testsuite>
